#
# There is insufficient memory for the Java Runtime Environment to continue.
# Native memory allocation (mmap) failed to map 258998272 bytes for G1 virtual space
# Possible reasons:
#   The system is out of physical RAM or swap space
#   The process is running with CompressedOops enabled, and the Java Heap may be blocking the growth of the native heap
# Possible solutions:
#   Reduce memory load on the system
#   Increase physical memory or swap space
#   Check if swap backing store is full
#   Decrease Java heap size (-Xmx/-Xms)
#   Decrease number of Java threads
#   Decrease Java thread stack sizes (-Xss)
#   Set larger code cache with -XX:ReservedCodeCacheSize=
#   JVM is running with Unscaled Compressed Oops mode in which the Java heap is
#     placed in the first 4GB address space. The Java Heap base address is the
#     maximum limit for the native heap growth. Please use -XX:HeapBaseMinAddress
#     to set the Java Heap base and to place the Java Heap above 4GB virtual address.
# This output file may be truncated or incomplete.
#
#  Out of Memory Error (./open/src/hotspot/os/windows/os_windows.cpp:3321), pid=6816, tid=7380
#
# JRE version: OpenJDK Runtime Environment (15.0.2+7) (build 15.0.2+7-27)
# Java VM: OpenJDK 64-Bit Server VM (15.0.2+7-27, mixed mode, tiered, compressed oops, g1 gc, windows-amd64)
# No core dump will be written. Minidumps are not enabled by default on client versions of Windows
#

---------------  S U M M A R Y ------------

Command Line: -Dcom.sun.management.jmxremote -Dcom.sun.management.jmxremote.port=52447 -Dcom.sun.management.jmxremote.authenticate=false -Dcom.sun.management.jmxremote.ssl=false -Djava.rmi.server.hostname=localhost -Dspring.jmx.enabled=true -Dspring.application.admin.enabled=true -XX:TieredStopAtLevel=1 -Dspring.boot.project.name=backend -Dfile.encoding=UTF-8 -XX:+ShowCodeDetailsInExceptionMessages com.realnet.RealNetApp --spring.output.ansi.enabled=always

Host: Intel(R) Core(TM) i5-10210U CPU @ 1.60GHz, 8 cores, 7G,  Windows 10 , 64 bit Build 19041 (10.0.19041.1889)
Time: Sat Oct  1 12:47:37 2022 India Standard Time elapsed time: 7190.426722 seconds (0d 1h 59m 50s)

---------------  T H R E A D  ---------------

Current thread (0x0000022579a517b0):  VMThread "VM Thread" [stack: 0x0000005178000000,0x0000005178100000] [id=7380]

Stack: [0x0000005178000000,0x0000005178100000]
[error occurred during error reporting (printing stack bounds), id 0xc0000005, EXCEPTION_ACCESS_VIOLATION (0xc0000005) at pc=0x00000225000010ad]

Native frames: (J=compiled Java code, j=interpreted, Vv=VM code, C=native code)
V  [jvm.dll+0x62ae9a]
V  [jvm.dll+0x7817a9]
V  [jvm.dll+0x782f03]
V  [jvm.dll+0x7834c5]
V  [jvm.dll+0x78347b]
V  [jvm.dll+0x62a2b9]
V  [jvm.dll+0x62aa88]
C  [ntdll.dll+0xa235f]
C  [ntdll.dll+0x514a4]
C  [ntdll.dll+0xa0e8e]
C  0x00000225000010ad

VM_Operation (0x000000517a7fe270): G1CollectForAllocation, mode: safepoint, requested by thread 0x000002250f7af090


---------------  P R O C E S S  ---------------

Threads class SMR info:
_java_thread_list=0x0000022511157d10, length=35, elements={
0x0000022579a59180, 0x000002257a295010, 0x000002257a282db0, 0x000002257a283770,
0x000002257a2c27b0, 0x000002257a2c59e0, 0x000002257a2b1240, 0x00000225799ec0f0,
0x000002257a525cf0, 0x000002257ae597c0, 0x000002257ae64180, 0x000002257ae61b20,
0x000002257aed5cb0, 0x000002257d9eeff0, 0x000002257d9efe60, 0x000002257d9ece40,
0x000002257d9ed310, 0x000002257d9ee180, 0x000002257d9ed7e0, 0x000002250f7af090,
0x000002250f7b1710, 0x000002250f7afa30, 0x000002250f7b0d70, 0x000002250f7aff00,
0x000002250f7b1be0, 0x000002250f7b03d0, 0x000002250f7ad3b0, 0x000002250f7ac070,
0x000002250f7b20b0, 0x000002250f7b2580, 0x000002250f7ac540, 0x000002250f7b1240,
0x000002250f7b2f20, 0x000002250f7b08a0, 0x00000225798d3150
}

Java Threads: ( => current thread )
  0x0000022579a59180 JavaThread "Reference Handler" daemon [_thread_blocked, id=13212, stack(0x0000005178100000,0x0000005178200000)]
  0x000002257a295010 JavaThread "Finalizer" daemon [_thread_blocked, id=2780, stack(0x0000005178200000,0x0000005178300000)]
  0x000002257a282db0 JavaThread "Signal Dispatcher" daemon [_thread_blocked, id=2844, stack(0x0000005178300000,0x0000005178400000)]
  0x000002257a283770 JavaThread "Attach Listener" daemon [_thread_blocked, id=5488, stack(0x0000005178400000,0x0000005178500000)]
  0x000002257a2c27b0 JavaThread "Service Thread" daemon [_thread_blocked, id=4264, stack(0x0000005178500000,0x0000005178600000)]
  0x000002257a2c59e0 JavaThread "C1 CompilerThread0" daemon [_thread_blocked, id=15236, stack(0x0000005178600000,0x0000005178700000)]
  0x000002257a2b1240 JavaThread "Sweeper thread" daemon [_thread_blocked, id=17268, stack(0x0000005178700000,0x0000005178800000)]
  0x00000225799ec0f0 JavaThread "Common-Cleaner" daemon [_thread_blocked, id=4196, stack(0x0000005178800000,0x0000005178900000)]
  0x000002257a525cf0 JavaThread "Notification Thread" daemon [_thread_blocked, id=12716, stack(0x0000005178900000,0x0000005178a00000)]
  0x000002257ae597c0 JavaThread "RMI TCP Accept-0" daemon [_thread_in_native, id=5236, stack(0x0000005178a00000,0x0000005178b00000)]
  0x000002257ae64180 JavaThread "RMI TCP Accept-52447" daemon [_thread_in_native, id=14720, stack(0x0000005178b00000,0x0000005178c00000)]
  0x000002257ae61b20 JavaThread "RMI TCP Accept-0" daemon [_thread_in_native, id=9868, stack(0x0000005178c00000,0x0000005178d00000)]
  0x000002257aed5cb0 JavaThread "RMI Scheduler(0)" daemon [_thread_blocked, id=10268, stack(0x0000005178f00000,0x0000005179000000)]
  0x000002257d9eeff0 JavaThread "mysql-cj-abandoned-connection-cleanup" daemon [_thread_blocked, id=4324, stack(0x0000005179900000,0x0000005179a00000)]
  0x000002257d9efe60 JavaThread "HikariPool-1 housekeeper" daemon [_thread_blocked, id=14616, stack(0x000000517a300000,0x000000517a400000)]
  0x000002257d9ece40 JavaThread "Catalina-utility-1" [_thread_blocked, id=16064, stack(0x000000517a400000,0x000000517a500000)]
  0x000002257d9ed310 JavaThread "Catalina-utility-2" [_thread_blocked, id=5460, stack(0x000000517a500000,0x000000517a600000)]
  0x000002257d9ee180 JavaThread "container-0" [_thread_blocked, id=9248, stack(0x000000517a600000,0x000000517a700000)]
  0x000002257d9ed7e0 JavaThread "Live Reload Server" daemon [_thread_in_native, id=1116, stack(0x000000517a800000,0x000000517a900000)]
  0x000002250f7af090 JavaThread "File Watcher" daemon [_thread_blocked, id=16340, stack(0x000000517a700000,0x000000517a800000)]
  0x000002250f7b1710 JavaThread "http-nio-9191-BlockPoller" daemon [_thread_blocked, id=16692, stack(0x000000517a900000,0x000000517aa00000)]
  0x000002250f7afa30 JavaThread "http-nio-9191-exec-1" daemon [_thread_blocked, id=5556, stack(0x000000517aa00000,0x000000517ab00000)]
  0x000002250f7b0d70 JavaThread "http-nio-9191-exec-2" daemon [_thread_blocked, id=14708, stack(0x000000517ab00000,0x000000517ac00000)]
  0x000002250f7aff00 JavaThread "http-nio-9191-exec-3" daemon [_thread_blocked, id=13008, stack(0x000000517ac00000,0x000000517ad00000)]
  0x000002250f7b1be0 JavaThread "http-nio-9191-exec-4" daemon [_thread_blocked, id=13096, stack(0x000000517ad00000,0x000000517ae00000)]
  0x000002250f7b03d0 JavaThread "http-nio-9191-exec-5" daemon [_thread_blocked, id=14108, stack(0x000000517ae00000,0x000000517af00000)]
  0x000002250f7ad3b0 JavaThread "http-nio-9191-exec-6" daemon [_thread_blocked, id=8704, stack(0x000000517af00000,0x000000517b000000)]
  0x000002250f7ac070 JavaThread "http-nio-9191-exec-7" daemon [_thread_blocked, id=4628, stack(0x000000517b000000,0x000000517b100000)]
  0x000002250f7b20b0 JavaThread "http-nio-9191-exec-8" daemon [_thread_blocked, id=5404, stack(0x000000517b100000,0x000000517b200000)]
  0x000002250f7b2580 JavaThread "http-nio-9191-exec-9" daemon [_thread_blocked, id=10000, stack(0x000000517b200000,0x000000517b300000)]
  0x000002250f7ac540 JavaThread "http-nio-9191-exec-10" daemon [_thread_blocked, id=4308, stack(0x000000517b300000,0x000000517b400000)]
  0x000002250f7b1240 JavaThread "http-nio-9191-ClientPoller" daemon [_thread_blocked, id=13388, stack(0x000000517b400000,0x000000517b500000)]
  0x000002250f7b2f20 JavaThread "http-nio-9191-Acceptor" daemon [_thread_in_native, id=13888, stack(0x000000517b500000,0x000000517b600000)]
  0x000002250f7b08a0 JavaThread "DestroyJavaVM" [_thread_blocked, id=6624, stack(0x0000005177a00000,0x0000005177b00000)]
  0x00000225798d3150 JavaThread "HikariPool-1 connection closer" daemon [_thread_blocked, id=4052, stack(0x0000005178e00000,0x0000005178f00000)]

Other Threads:
=>0x0000022579a517b0 VMThread "VM Thread" [stack: 0x0000005178000000,0x0000005178100000] [id=7380]
  0x000002256e840090 WatcherThread [stack: 0x0000005178d00000,0x0000005178e00000] [id=3596]
  0x000002256e87e610 GCTaskThread "GC Thread#0" [stack: 0x0000005177b00000,0x0000005177c00000] [id=14008]
  0x000002257af52e90 GCTaskThread "GC Thread#1" [stack: 0x0000005179200000,0x0000005179300000] [id=9240]
  0x000002257af554d0 GCTaskThread "GC Thread#2" [stack: 0x0000005179300000,0x0000005179400000] [id=5240]
  0x000002257af51b70 GCTaskThread "GC Thread#3" [stack: 0x0000005179a00000,0x0000005179b00000] [id=1644]
  0x000002257af531c0 GCTaskThread "GC Thread#4" [stack: 0x0000005179b00000,0x0000005179c00000] [id=16524]
  0x000002257af551a0 GCTaskThread "GC Thread#5" [stack: 0x0000005179c00000,0x0000005179d00000] [id=3664]
  0x000002257af51ea0 GCTaskThread "GC Thread#6" [stack: 0x0000005179d00000,0x0000005179e00000] [id=16160]
  0x000002257af534f0 GCTaskThread "GC Thread#7" [stack: 0x0000005179e00000,0x0000005179f00000] [id=14136]
  0x000002256e88fa80 ConcurrentGCThread "G1 Main Marker" [stack: 0x0000005177c00000,0x0000005177d00000] [id=2952]
  0x000002256e8906f0 ConcurrentGCThread "G1 Conc#0" [stack: 0x0000005177d00000,0x0000005177e00000] [id=6148]
  0x000002257af54b40 ConcurrentGCThread "G1 Conc#1" [stack: 0x0000005179f00000,0x000000517a000000] [id=8824]
  0x000002256e8f8c60 ConcurrentGCThread "G1 Refine#0" [stack: 0x0000005177e00000,0x0000005177f00000] [id=2460]
  0x000002257b6ef9f0 ConcurrentGCThread "G1 Refine#1" [stack: 0x0000005179400000,0x0000005179500000] [id=2916]
  0x000002257b6efd50 ConcurrentGCThread "G1 Refine#2" [stack: 0x0000005179500000,0x0000005179600000] [id=15184]
  0x000002257b6f00b0 ConcurrentGCThread "G1 Refine#3" [stack: 0x0000005179600000,0x0000005179700000] [id=10480]
  0x000002250f535480 ConcurrentGCThread "G1 Refine#4" [stack: 0x0000005177700000,0x0000005177800000] [id=8708]
  0x000002250f536200 ConcurrentGCThread "G1 Refine#5" [stack: 0x0000005177800000,0x0000005177900000] [id=2300]
  0x000002250f534dc0 ConcurrentGCThread "G1 Refine#6" [stack: 0x0000005177900000,0x0000005177a00000] [id=7800]
  0x000002256e8f98e0 ConcurrentGCThread "G1 Young RemSet Sampling" [stack: 0x0000005177f00000,0x0000005178000000] [id=6548]

Threads with active compile tasks:

VM state: at safepoint (normal execution)

VM Mutex/Monitor currently owned by a thread:  ([mutex/lock_event])
[0x000002256e83a3b0] Threads_lock - owner thread: 0x0000022579a517b0
[0x000002256e839ab0] Heap_lock - owner thread: 0x000002250f7af090

Heap address: 0x0000000083000000, size: 2000 MB, Compressed Oops mode: 32-bit
CDS disabled.
Compressed class space mapped at: 0x0000000100000000-0x0000000140000000, size: 1073741824
Narrow klass base: 0x0000000000000000, Narrow klass shift: 3, Narrow klass range: 0x140000000

GC Precious Log:
 CPUs: 8 total, 8 available
 Memory: 7995M
 Large Page Support: Disabled
 NUMA Support: Disabled
 Compressed Oops: Enabled (32-bit)
 Heap Region Size: 1M
 Heap Min Capacity: 8M
 Heap Initial Capacity: 126M
 Heap Max Capacity: 2000M
 Pre-touch: Disabled
 Parallel Workers: 8
 Concurrent Workers: 2
 Concurrent Refinement Workers: 8
 Periodic GC: Disabled

Heap:
 garbage-first heap   total 505856K, used 109623K [0x0000000083000000, 0x0000000100000000)
  region size 1024K, 1 young (1024K), 1 survivors (1024K)
 Metaspace       used 104640K, capacity 106186K, committed 106416K, reserved 1142784K
  class space    used 13478K, capacity 14004K, committed 14080K, reserved 1048576K

Heap Regions: E=young(eden), S=young(survivor), O=old, HS=humongous(starts), HC=humongous(continues), CS=collection set, F=free, OA=open archive, CA=closed archive, TAMS=top-at-mark-start (previous, next)
|   0|0x0000000083000000, 0x0000000083100000, 0x0000000083100000|100%|HS|  |TAMS 0x0000000083100000, 0x0000000083000000| Complete 
|   1|0x0000000083100000, 0x0000000083200000, 0x0000000083200000|100%| O|  |TAMS 0x0000000083200000, 0x0000000083100000| Untracked 
|   2|0x0000000083200000, 0x0000000083300000, 0x0000000083300000|100%| O|  |TAMS 0x0000000083300000, 0x0000000083200000| Untracked 
|   3|0x0000000083300000, 0x0000000083400000, 0x0000000083400000|100%| O|  |TAMS 0x0000000083400000, 0x0000000083300000| Untracked 
|   4|0x0000000083400000, 0x0000000083500000, 0x0000000083500000|100%| O|  |TAMS 0x0000000083500000, 0x0000000083400000| Untracked 
|   5|0x0000000083500000, 0x0000000083600000, 0x0000000083600000|100%| O|  |TAMS 0x0000000083600000, 0x0000000083500000| Untracked 
|   6|0x0000000083600000, 0x0000000083700000, 0x0000000083700000|100%| O|  |TAMS 0x0000000083700000, 0x0000000083600000| Untracked 
|   7|0x0000000083700000, 0x0000000083800000, 0x0000000083800000|100%| O|  |TAMS 0x0000000083800000, 0x0000000083700000| Untracked 
|   8|0x0000000083800000, 0x0000000083900000, 0x0000000083900000|100%| O|  |TAMS 0x0000000083900000, 0x0000000083800000| Untracked 
|   9|0x0000000083900000, 0x00000000839ffff8, 0x0000000083a00000| 99%| O|  |TAMS 0x0000000083900000, 0x0000000083900000| Untracked 
|  10|0x0000000083a00000, 0x0000000083b00000, 0x0000000083b00000|100%| O|  |TAMS 0x0000000083b00000, 0x0000000083a00000| Untracked 
|  11|0x0000000083b00000, 0x0000000083c00000, 0x0000000083c00000|100%| O|  |TAMS 0x0000000083c00000, 0x0000000083b00000| Untracked 
|  12|0x0000000083c00000, 0x0000000083d00000, 0x0000000083d00000|100%| O|  |TAMS 0x0000000083d00000, 0x0000000083c00000| Untracked 
|  13|0x0000000083d00000, 0x0000000083e00000, 0x0000000083e00000|100%| O|  |TAMS 0x0000000083e00000, 0x0000000083d00000| Untracked 
|  14|0x0000000083e00000, 0x0000000083f00000, 0x0000000083f00000|100%| O|  |TAMS 0x0000000083f00000, 0x0000000083e00000| Untracked 
|  15|0x0000000083f00000, 0x0000000084000000, 0x0000000084000000|100%| O|  |TAMS 0x0000000083f00000, 0x0000000083f00000| Untracked 
|  16|0x0000000084000000, 0x0000000084100000, 0x0000000084100000|100%| O|  |TAMS 0x0000000084000000, 0x0000000084000000| Untracked 
|  17|0x0000000084100000, 0x0000000084200000, 0x0000000084200000|100%| O|  |TAMS 0x0000000084100000, 0x0000000084100000| Untracked 
|  18|0x0000000084200000, 0x0000000084201800, 0x0000000084300000|  0%| O|  |TAMS 0x0000000084200000, 0x0000000084200000| Untracked 
|  19|0x0000000084300000, 0x0000000084300000, 0x0000000084400000|  0%| F|  |TAMS 0x0000000084300000, 0x0000000084300000| Untracked 
|  20|0x0000000084400000, 0x0000000084400000, 0x0000000084500000|  0%| F|  |TAMS 0x0000000084400000, 0x0000000084400000| Untracked 
|  21|0x0000000084500000, 0x0000000084500000, 0x0000000084600000|  0%| F|  |TAMS 0x0000000084500000, 0x0000000084500000| Untracked 
|  22|0x0000000084600000, 0x0000000084700000, 0x0000000084700000|100%| O|  |TAMS 0x0000000084700000, 0x0000000084600000| Untracked 
|  23|0x0000000084700000, 0x0000000084800000, 0x0000000084800000|100%| O|  |TAMS 0x0000000084800000, 0x0000000084700000| Untracked 
|  24|0x0000000084800000, 0x0000000084800000, 0x0000000084900000|  0%| F|  |TAMS 0x0000000084800000, 0x0000000084800000| Untracked 
|  25|0x0000000084900000, 0x0000000084900000, 0x0000000084a00000|  0%| F|  |TAMS 0x0000000084900000, 0x0000000084900000| Untracked 
|  26|0x0000000084a00000, 0x0000000084b00000, 0x0000000084b00000|100%| O|  |TAMS 0x0000000084b00000, 0x0000000084a00000| Untracked 
|  27|0x0000000084b00000, 0x0000000084b00000, 0x0000000084c00000|  0%| F|  |TAMS 0x0000000084b00000, 0x0000000084b00000| Untracked 
|  28|0x0000000084c00000, 0x0000000084d00000, 0x0000000084d00000|100%| O|  |TAMS 0x0000000084d00000, 0x0000000084c00000| Untracked 
|  29|0x0000000084d00000, 0x0000000084d00000, 0x0000000084e00000|  0%| F|  |TAMS 0x0000000084d00000, 0x0000000084d00000| Untracked 
|  30|0x0000000084e00000, 0x0000000084f00000, 0x0000000084f00000|100%| O|  |TAMS 0x0000000084f00000, 0x0000000084e00000| Untracked 
|  31|0x0000000084f00000, 0x0000000084f00000, 0x0000000085000000|  0%| F|  |TAMS 0x0000000084f00000, 0x0000000084f00000| Untracked 
|  32|0x0000000085000000, 0x0000000085100000, 0x0000000085100000|100%| O|  |TAMS 0x0000000085100000, 0x0000000085000000| Untracked 
|  33|0x0000000085100000, 0x0000000085200000, 0x0000000085200000|100%| O|  |TAMS 0x0000000085200000, 0x0000000085100000| Untracked 
|  34|0x0000000085200000, 0x0000000085300000, 0x0000000085300000|100%| O|  |TAMS 0x0000000085300000, 0x0000000085200000| Untracked 
|  35|0x0000000085300000, 0x0000000085400000, 0x0000000085400000|100%| O|  |TAMS 0x0000000085400000, 0x0000000085300000| Untracked 
|  36|0x0000000085400000, 0x0000000085500000, 0x0000000085500000|100%| O|  |TAMS 0x0000000085500000, 0x0000000085400000| Untracked 
|  37|0x0000000085500000, 0x0000000085600000, 0x0000000085600000|100%| O|  |TAMS 0x0000000085600000, 0x0000000085500000| Untracked 
|  38|0x0000000085600000, 0x0000000085700000, 0x0000000085700000|100%| O|  |TAMS 0x0000000085700000, 0x0000000085600000| Untracked 
|  39|0x0000000085700000, 0x0000000085800000, 0x0000000085800000|100%| O|  |TAMS 0x0000000085800000, 0x0000000085700000| Untracked 
|  40|0x0000000085800000, 0x0000000085900000, 0x0000000085900000|100%| O|  |TAMS 0x0000000085900000, 0x0000000085800000| Untracked 
|  41|0x0000000085900000, 0x0000000085a00000, 0x0000000085a00000|100%| O|  |TAMS 0x0000000085a00000, 0x0000000085900000| Untracked 
|  42|0x0000000085a00000, 0x0000000085b00000, 0x0000000085b00000|100%| O|  |TAMS 0x0000000085b00000, 0x0000000085a00000| Untracked 
|  43|0x0000000085b00000, 0x0000000085c00000, 0x0000000085c00000|100%| O|  |TAMS 0x0000000085c00000, 0x0000000085b00000| Untracked 
|  44|0x0000000085c00000, 0x0000000085d00000, 0x0000000085d00000|100%| O|  |TAMS 0x0000000085d00000, 0x0000000085c00000| Untracked 
|  45|0x0000000085d00000, 0x0000000085d00000, 0x0000000085e00000|  0%| F|  |TAMS 0x0000000085d00000, 0x0000000085d00000| Untracked 
|  46|0x0000000085e00000, 0x0000000085e00000, 0x0000000085f00000|  0%| F|  |TAMS 0x0000000085e00000, 0x0000000085e00000| Untracked 
|  47|0x0000000085f00000, 0x0000000086000000, 0x0000000086000000|100%| O|  |TAMS 0x0000000086000000, 0x0000000085f00000| Untracked 
|  48|0x0000000086000000, 0x0000000086100000, 0x0000000086100000|100%| O|  |TAMS 0x0000000086100000, 0x0000000086000000| Untracked 
|  49|0x0000000086100000, 0x0000000086200000, 0x0000000086200000|100%| O|  |TAMS 0x0000000086200000, 0x0000000086100000| Untracked 
|  50|0x0000000086200000, 0x0000000086300000, 0x0000000086300000|100%| O|  |TAMS 0x0000000086300000, 0x0000000086200000| Untracked 
|  51|0x0000000086300000, 0x0000000086400000, 0x0000000086400000|100%| O|  |TAMS 0x0000000086400000, 0x0000000086300000| Untracked 
|  52|0x0000000086400000, 0x0000000086500000, 0x0000000086500000|100%| O|  |TAMS 0x0000000086500000, 0x0000000086400000| Untracked 
|  53|0x0000000086500000, 0x0000000086600000, 0x0000000086600000|100%| O|  |TAMS 0x0000000086600000, 0x0000000086500000| Untracked 
|  54|0x0000000086600000, 0x0000000086700000, 0x0000000086700000|100%| O|  |TAMS 0x0000000086700000, 0x0000000086600000| Untracked 
|  55|0x0000000086700000, 0x0000000086800000, 0x0000000086800000|100%| O|  |TAMS 0x0000000086800000, 0x0000000086700000| Untracked 
|  56|0x0000000086800000, 0x0000000086900000, 0x0000000086900000|100%| O|  |TAMS 0x0000000086900000, 0x0000000086800000| Untracked 
|  57|0x0000000086900000, 0x0000000086a00000, 0x0000000086a00000|100%| O|  |TAMS 0x0000000086a00000, 0x0000000086900000| Untracked 
|  58|0x0000000086a00000, 0x0000000086a00000, 0x0000000086b00000|  0%| F|  |TAMS 0x0000000086a00000, 0x0000000086a00000| Untracked 
|  59|0x0000000086b00000, 0x0000000086c00000, 0x0000000086c00000|100%| O|  |TAMS 0x0000000086c00000, 0x0000000086b00000| Untracked 
|  60|0x0000000086c00000, 0x0000000086d00000, 0x0000000086d00000|100%| O|  |TAMS 0x0000000086d00000, 0x0000000086c00000| Untracked 
|  61|0x0000000086d00000, 0x0000000086e00000, 0x0000000086e00000|100%| O|  |TAMS 0x0000000086e00000, 0x0000000086d00000| Untracked 
|  62|0x0000000086e00000, 0x0000000086f00000, 0x0000000086f00000|100%| O|  |TAMS 0x0000000086f00000, 0x0000000086e00000| Untracked 
|  63|0x0000000086f00000, 0x0000000086f00000, 0x0000000087000000|  0%| F|  |TAMS 0x0000000086f00000, 0x0000000086f00000| Untracked 
|  64|0x0000000087000000, 0x0000000087100000, 0x0000000087100000|100%| O|  |TAMS 0x0000000087100000, 0x0000000087000000| Untracked 
|  65|0x0000000087100000, 0x0000000087200000, 0x0000000087200000|100%| O|  |TAMS 0x0000000087200000, 0x0000000087100000| Untracked 
|  66|0x0000000087200000, 0x0000000087200000, 0x0000000087300000|  0%| F|  |TAMS 0x0000000087200000, 0x0000000087200000| Untracked 
|  67|0x0000000087300000, 0x0000000087300000, 0x0000000087400000|  0%| F|  |TAMS 0x0000000087300000, 0x0000000087300000| Untracked 
|  68|0x0000000087400000, 0x0000000087500000, 0x0000000087500000|100%| O|  |TAMS 0x0000000087500000, 0x0000000087400000| Untracked 
|  69|0x0000000087500000, 0x0000000087600000, 0x0000000087600000|100%| O|  |TAMS 0x0000000087600000, 0x0000000087500000| Untracked 
|  70|0x0000000087600000, 0x0000000087600000, 0x0000000087700000|  0%| F|  |TAMS 0x0000000087600000, 0x0000000087600000| Untracked 
|  71|0x0000000087700000, 0x0000000087800000, 0x0000000087800000|100%| O|  |TAMS 0x0000000087800000, 0x0000000087700000| Untracked 
|  72|0x0000000087800000, 0x0000000087900000, 0x0000000087900000|100%| O|  |TAMS 0x0000000087900000, 0x0000000087800000| Untracked 
|  73|0x0000000087900000, 0x0000000087a00000, 0x0000000087a00000|100%| O|  |TAMS 0x0000000087a00000, 0x0000000087900000| Untracked 
|  74|0x0000000087a00000, 0x0000000087b00000, 0x0000000087b00000|100%| O|  |TAMS 0x0000000087b00000, 0x0000000087a00000| Untracked 
|  75|0x0000000087b00000, 0x0000000087c00000, 0x0000000087c00000|100%| O|  |TAMS 0x0000000087c00000, 0x0000000087b00000| Untracked 
|  76|0x0000000087c00000, 0x0000000087d00000, 0x0000000087d00000|100%| O|  |TAMS 0x0000000087d00000, 0x0000000087c00000| Untracked 
|  77|0x0000000087d00000, 0x0000000087e00000, 0x0000000087e00000|100%| O|  |TAMS 0x0000000087e00000, 0x0000000087d00000| Untracked 
|  78|0x0000000087e00000, 0x0000000087e00000, 0x0000000087f00000|  0%| F|  |TAMS 0x0000000087e00000, 0x0000000087e00000| Untracked 
|  79|0x0000000087f00000, 0x0000000088000000, 0x0000000088000000|100%| O|  |TAMS 0x0000000088000000, 0x0000000087f00000| Untracked 
|  80|0x0000000088000000, 0x0000000088100000, 0x0000000088100000|100%| O|  |TAMS 0x0000000088100000, 0x0000000088000000| Untracked 
|  81|0x0000000088100000, 0x0000000088200000, 0x0000000088200000|100%| O|  |TAMS 0x0000000088200000, 0x0000000088100000| Untracked 
|  82|0x0000000088200000, 0x0000000088300000, 0x0000000088300000|100%| O|  |TAMS 0x0000000088300000, 0x0000000088200000| Untracked 
|  83|0x0000000088300000, 0x0000000088400000, 0x0000000088400000|100%| O|  |TAMS 0x0000000088400000, 0x0000000088300000| Untracked 
|  84|0x0000000088400000, 0x0000000088400000, 0x0000000088500000|  0%| F|  |TAMS 0x0000000088400000, 0x0000000088400000| Untracked 
|  85|0x0000000088500000, 0x0000000088600000, 0x0000000088600000|100%| O|  |TAMS 0x0000000088600000, 0x0000000088500000| Untracked 
|  86|0x0000000088600000, 0x0000000088700000, 0x0000000088700000|100%| O|  |TAMS 0x0000000088700000, 0x0000000088600000| Untracked 
|  87|0x0000000088700000, 0x0000000088700000, 0x0000000088800000|  0%| F|  |TAMS 0x0000000088700000, 0x0000000088700000| Untracked 
|  88|0x0000000088800000, 0x0000000088900000, 0x0000000088900000|100%| O|  |TAMS 0x0000000088900000, 0x0000000088800000| Untracked 
|  89|0x0000000088900000, 0x0000000088a00000, 0x0000000088a00000|100%| O|  |TAMS 0x0000000088a00000, 0x0000000088900000| Untracked 
|  90|0x0000000088a00000, 0x0000000088b00000, 0x0000000088b00000|100%| O|  |TAMS 0x0000000088b00000, 0x0000000088a00000| Untracked 
|  91|0x0000000088b00000, 0x0000000088c00000, 0x0000000088c00000|100%| O|  |TAMS 0x0000000088c00000, 0x0000000088b00000| Untracked 
|  92|0x0000000088c00000, 0x0000000088d00000, 0x0000000088d00000|100%| O|  |TAMS 0x0000000088d00000, 0x0000000088c00000| Untracked 
|  93|0x0000000088d00000, 0x0000000088e00000, 0x0000000088e00000|100%| O|  |TAMS 0x0000000088e00000, 0x0000000088d00000| Untracked 
|  94|0x0000000088e00000, 0x0000000088f00000, 0x0000000088f00000|100%| O|  |TAMS 0x0000000088f00000, 0x0000000088e00000| Untracked 
|  95|0x0000000088f00000, 0x0000000089000000, 0x0000000089000000|100%| O|  |TAMS 0x0000000089000000, 0x0000000088f00000| Untracked 
|  96|0x0000000089000000, 0x0000000089100000, 0x0000000089100000|100%| O|  |TAMS 0x0000000089100000, 0x0000000089000000| Untracked 
|  97|0x0000000089100000, 0x0000000089200000, 0x0000000089200000|100%| O|  |TAMS 0x0000000089200000, 0x0000000089100000| Untracked 
|  98|0x0000000089200000, 0x0000000089300000, 0x0000000089300000|100%| O|  |TAMS 0x0000000089300000, 0x0000000089200000| Untracked 
|  99|0x0000000089300000, 0x0000000089400000, 0x0000000089400000|100%| O|  |TAMS 0x0000000089400000, 0x0000000089300000| Untracked 
| 100|0x0000000089400000, 0x0000000089500000, 0x0000000089500000|100%| O|  |TAMS 0x0000000089500000, 0x0000000089400000| Untracked 
| 101|0x0000000089500000, 0x0000000089600000, 0x0000000089600000|100%| O|  |TAMS 0x0000000089600000, 0x0000000089500000| Untracked 
| 102|0x0000000089600000, 0x0000000089700000, 0x0000000089700000|100%| O|  |TAMS 0x0000000089700000, 0x0000000089600000| Untracked 
| 103|0x0000000089700000, 0x0000000089800000, 0x0000000089800000|100%| O|  |TAMS 0x0000000089800000, 0x0000000089700000| Untracked 
| 104|0x0000000089800000, 0x0000000089900000, 0x0000000089900000|100%| O|  |TAMS 0x0000000089900000, 0x0000000089800000| Untracked 
| 105|0x0000000089900000, 0x0000000089a00000, 0x0000000089a00000|100%| O|  |TAMS 0x0000000089a00000, 0x0000000089900000| Untracked 
| 106|0x0000000089a00000, 0x0000000089a00000, 0x0000000089b00000|  0%| F|  |TAMS 0x0000000089a00000, 0x0000000089a00000| Untracked 
| 107|0x0000000089b00000, 0x0000000089b00000, 0x0000000089c00000|  0%| F|  |TAMS 0x0000000089b00000, 0x0000000089b00000| Untracked 
| 108|0x0000000089c00000, 0x0000000089d00000, 0x0000000089d00000|100%| O|  |TAMS 0x0000000089d00000, 0x0000000089c00000| Untracked 
| 109|0x0000000089d00000, 0x0000000089e00000, 0x0000000089e00000|100%| O|  |TAMS 0x0000000089e00000, 0x0000000089d00000| Untracked 
| 110|0x0000000089e00000, 0x0000000089f00000, 0x0000000089f00000|100%| O|  |TAMS 0x0000000089f00000, 0x0000000089e00000| Untracked 
| 111|0x0000000089f00000, 0x000000008a000000, 0x000000008a000000|100%| O|  |TAMS 0x000000008a000000, 0x0000000089f00000| Untracked 
| 112|0x000000008a000000, 0x000000008a100000, 0x000000008a100000|100%| O|  |TAMS 0x000000008a0d5800, 0x000000008a000000| Untracked 
| 113|0x000000008a100000, 0x000000008a200000, 0x000000008a200000|100%| O|  |TAMS 0x000000008a100000, 0x000000008a100000| Untracked 
| 114|0x000000008a200000, 0x000000008a300000, 0x000000008a300000|100%| O|  |TAMS 0x000000008a200000, 0x000000008a200000| Untracked 
| 115|0x000000008a300000, 0x000000008a400000, 0x000000008a400000|100%| O|  |TAMS 0x000000008a300000, 0x000000008a300000| Untracked 
| 116|0x000000008a400000, 0x000000008a500000, 0x000000008a500000|100%| O|  |TAMS 0x000000008a400000, 0x000000008a400000| Untracked 
| 117|0x000000008a500000, 0x000000008a600000, 0x000000008a600000|100%| O|  |TAMS 0x000000008a500000, 0x000000008a500000| Untracked 
| 118|0x000000008a600000, 0x000000008a700000, 0x000000008a700000|100%| O|  |TAMS 0x000000008a600000, 0x000000008a600000| Untracked 
| 119|0x000000008a700000, 0x000000008a800000, 0x000000008a800000|100%| O|  |TAMS 0x000000008a700000, 0x000000008a700000| Untracked 
| 120|0x000000008a800000, 0x000000008a900000, 0x000000008a900000|100%| O|  |TAMS 0x000000008a800000, 0x000000008a800000| Untracked 
| 121|0x000000008a900000, 0x000000008aa00000, 0x000000008aa00000|100%| O|  |TAMS 0x000000008a900000, 0x000000008a900000| Untracked 
| 122|0x000000008aa00000, 0x000000008ab00000, 0x000000008ab00000|100%| O|  |TAMS 0x000000008aa00000, 0x000000008aa00000| Untracked 
| 123|0x000000008ab00000, 0x000000008ac00000, 0x000000008ac00000|100%| O|  |TAMS 0x000000008ab00000, 0x000000008ab00000| Untracked 
| 124|0x000000008ac00000, 0x000000008ad00000, 0x000000008ad00000|100%| O|  |TAMS 0x000000008ac00000, 0x000000008ac00000| Untracked 
| 125|0x000000008ad00000, 0x000000008ae00000, 0x000000008ae00000|100%| O|  |TAMS 0x000000008ad00000, 0x000000008ad00000| Untracked 
| 126|0x000000008ae00000, 0x000000008af00000, 0x000000008af00000|100%| O|  |TAMS 0x000000008ae00000, 0x000000008ae00000| Untracked 
| 127|0x000000008af00000, 0x000000008b000000, 0x000000008b000000|100%| O|  |TAMS 0x000000008af00000, 0x000000008af00000| Untracked 
| 128|0x000000008b000000, 0x000000008b000000, 0x000000008b100000|  0%| F|  |TAMS 0x000000008b000000, 0x000000008b000000| Untracked 
| 129|0x000000008b100000, 0x000000008b100000, 0x000000008b200000|  0%| F|  |TAMS 0x000000008b100000, 0x000000008b100000| Untracked 
| 130|0x000000008b200000, 0x000000008b200000, 0x000000008b300000|  0%| F|  |TAMS 0x000000008b200000, 0x000000008b200000| Untracked 
| 131|0x000000008b300000, 0x000000008b300000, 0x000000008b400000|  0%| F|  |TAMS 0x000000008b300000, 0x000000008b300000| Untracked 
| 132|0x000000008b400000, 0x000000008b400000, 0x000000008b500000|  0%| F|  |TAMS 0x000000008b400000, 0x000000008b400000| Untracked 
| 133|0x000000008b500000, 0x000000008b500000, 0x000000008b600000|  0%| F|  |TAMS 0x000000008b500000, 0x000000008b500000| Untracked 
| 134|0x000000008b600000, 0x000000008b600000, 0x000000008b700000|  0%| F|  |TAMS 0x000000008b600000, 0x000000008b600000| Untracked 
| 135|0x000000008b700000, 0x000000008b700000, 0x000000008b800000|  0%| F|  |TAMS 0x000000008b700000, 0x000000008b700000| Untracked 
| 136|0x000000008b800000, 0x000000008b800000, 0x000000008b900000|  0%| F|  |TAMS 0x000000008b800000, 0x000000008b800000| Untracked 
| 137|0x000000008b900000, 0x000000008b900000, 0x000000008ba00000|  0%| F|  |TAMS 0x000000008b900000, 0x000000008b900000| Untracked 
| 138|0x000000008ba00000, 0x000000008ba00000, 0x000000008bb00000|  0%| F|  |TAMS 0x000000008ba00000, 0x000000008ba00000| Untracked 
| 139|0x000000008bb00000, 0x000000008bb00000, 0x000000008bc00000|  0%| F|  |TAMS 0x000000008bb00000, 0x000000008bb00000| Untracked 
| 140|0x000000008bc00000, 0x000000008bc00000, 0x000000008bd00000|  0%| F|  |TAMS 0x000000008bc00000, 0x000000008bc00000| Untracked 
| 141|0x000000008bd00000, 0x000000008bd00000, 0x000000008be00000|  0%| F|  |TAMS 0x000000008bd00000, 0x000000008bd00000| Untracked 
| 142|0x000000008be00000, 0x000000008be00000, 0x000000008bf00000|  0%| F|  |TAMS 0x000000008be00000, 0x000000008be00000| Untracked 
| 143|0x000000008bf00000, 0x000000008bf00000, 0x000000008c000000|  0%| F|  |TAMS 0x000000008bf00000, 0x000000008bf00000| Untracked 
| 144|0x000000008c000000, 0x000000008c000000, 0x000000008c100000|  0%| F|  |TAMS 0x000000008c000000, 0x000000008c000000| Untracked 
| 145|0x000000008c100000, 0x000000008c100000, 0x000000008c200000|  0%| F|  |TAMS 0x000000008c100000, 0x000000008c100000| Untracked 
| 146|0x000000008c200000, 0x000000008c200000, 0x000000008c300000|  0%| F|  |TAMS 0x000000008c200000, 0x000000008c200000| Untracked 
| 147|0x000000008c300000, 0x000000008c300000, 0x000000008c400000|  0%| F|  |TAMS 0x000000008c300000, 0x000000008c300000| Untracked 
| 148|0x000000008c400000, 0x000000008c400000, 0x000000008c500000|  0%| F|  |TAMS 0x000000008c400000, 0x000000008c400000| Untracked 
| 149|0x000000008c500000, 0x000000008c500000, 0x000000008c600000|  0%| F|  |TAMS 0x000000008c500000, 0x000000008c500000| Untracked 
| 150|0x000000008c600000, 0x000000008c600000, 0x000000008c700000|  0%| F|  |TAMS 0x000000008c600000, 0x000000008c600000| Untracked 
| 151|0x000000008c700000, 0x000000008c700000, 0x000000008c800000|  0%| F|  |TAMS 0x000000008c700000, 0x000000008c700000| Untracked 
| 152|0x000000008c800000, 0x000000008c800000, 0x000000008c900000|  0%| F|  |TAMS 0x000000008c800000, 0x000000008c800000| Untracked 
| 153|0x000000008c900000, 0x000000008c900000, 0x000000008ca00000|  0%| F|  |TAMS 0x000000008c900000, 0x000000008c900000| Untracked 
| 154|0x000000008ca00000, 0x000000008ca00000, 0x000000008cb00000|  0%| F|  |TAMS 0x000000008ca00000, 0x000000008ca00000| Untracked 
| 155|0x000000008cb00000, 0x000000008cb00000, 0x000000008cc00000|  0%| F|  |TAMS 0x000000008cb00000, 0x000000008cb00000| Untracked 
| 156|0x000000008cc00000, 0x000000008cc00000, 0x000000008cd00000|  0%| F|  |TAMS 0x000000008cc00000, 0x000000008cc00000| Untracked 
| 157|0x000000008cd00000, 0x000000008cd00000, 0x000000008ce00000|  0%| F|  |TAMS 0x000000008cd00000, 0x000000008cd00000| Untracked 
| 158|0x000000008ce00000, 0x000000008ce00000, 0x000000008cf00000|  0%| F|  |TAMS 0x000000008ce00000, 0x000000008ce00000| Untracked 
| 159|0x000000008cf00000, 0x000000008cf00000, 0x000000008d000000|  0%| F|  |TAMS 0x000000008cf00000, 0x000000008cf00000| Untracked 
| 160|0x000000008d000000, 0x000000008d000000, 0x000000008d100000|  0%| F|  |TAMS 0x000000008d000000, 0x000000008d000000| Untracked 
| 161|0x000000008d100000, 0x000000008d100000, 0x000000008d200000|  0%| F|  |TAMS 0x000000008d100000, 0x000000008d100000| Untracked 
| 162|0x000000008d200000, 0x000000008d200000, 0x000000008d300000|  0%| F|  |TAMS 0x000000008d200000, 0x000000008d200000| Untracked 
| 163|0x000000008d300000, 0x000000008d300000, 0x000000008d400000|  0%| F|  |TAMS 0x000000008d300000, 0x000000008d300000| Untracked 
| 164|0x000000008d400000, 0x000000008d400000, 0x000000008d500000|  0%| F|  |TAMS 0x000000008d400000, 0x000000008d400000| Untracked 
| 165|0x000000008d500000, 0x000000008d500000, 0x000000008d600000|  0%| F|  |TAMS 0x000000008d500000, 0x000000008d500000| Untracked 
| 166|0x000000008d600000, 0x000000008d600000, 0x000000008d700000|  0%| F|  |TAMS 0x000000008d600000, 0x000000008d600000| Untracked 
| 167|0x000000008d700000, 0x000000008d700000, 0x000000008d800000|  0%| F|  |TAMS 0x000000008d700000, 0x000000008d700000| Untracked 
| 168|0x000000008d800000, 0x000000008d800000, 0x000000008d900000|  0%| F|  |TAMS 0x000000008d800000, 0x000000008d800000| Untracked 
| 169|0x000000008d900000, 0x000000008d900000, 0x000000008da00000|  0%| F|  |TAMS 0x000000008d900000, 0x000000008d900000| Untracked 
| 170|0x000000008da00000, 0x000000008da00000, 0x000000008db00000|  0%| F|  |TAMS 0x000000008da00000, 0x000000008da00000| Untracked 
| 171|0x000000008db00000, 0x000000008db00000, 0x000000008dc00000|  0%| F|  |TAMS 0x000000008db00000, 0x000000008db00000| Untracked 
| 172|0x000000008dc00000, 0x000000008dc00000, 0x000000008dd00000|  0%| F|  |TAMS 0x000000008dc00000, 0x000000008dc00000| Untracked 
| 173|0x000000008dd00000, 0x000000008dd00000, 0x000000008de00000|  0%| F|  |TAMS 0x000000008dd00000, 0x000000008dd00000| Untracked 
| 174|0x000000008de00000, 0x000000008de00000, 0x000000008df00000|  0%| F|  |TAMS 0x000000008de00000, 0x000000008de00000| Untracked 
| 175|0x000000008df00000, 0x000000008df00000, 0x000000008e000000|  0%| F|  |TAMS 0x000000008df00000, 0x000000008df00000| Untracked 
| 176|0x000000008e000000, 0x000000008e000000, 0x000000008e100000|  0%| F|  |TAMS 0x000000008e000000, 0x000000008e000000| Untracked 
| 177|0x000000008e100000, 0x000000008e100000, 0x000000008e200000|  0%| F|  |TAMS 0x000000008e100000, 0x000000008e100000| Untracked 
| 178|0x000000008e200000, 0x000000008e200000, 0x000000008e300000|  0%| F|  |TAMS 0x000000008e200000, 0x000000008e200000| Untracked 
| 179|0x000000008e300000, 0x000000008e300000, 0x000000008e400000|  0%| F|  |TAMS 0x000000008e300000, 0x000000008e300000| Untracked 
| 180|0x000000008e400000, 0x000000008e400000, 0x000000008e500000|  0%| F|  |TAMS 0x000000008e400000, 0x000000008e400000| Untracked 
| 181|0x000000008e500000, 0x000000008e500000, 0x000000008e600000|  0%| F|  |TAMS 0x000000008e500000, 0x000000008e500000| Untracked 
| 182|0x000000008e600000, 0x000000008e600000, 0x000000008e700000|  0%| F|  |TAMS 0x000000008e600000, 0x000000008e600000| Untracked 
| 183|0x000000008e700000, 0x000000008e700000, 0x000000008e800000|  0%| F|  |TAMS 0x000000008e700000, 0x000000008e700000| Untracked 
| 184|0x000000008e800000, 0x000000008e800000, 0x000000008e900000|  0%| F|  |TAMS 0x000000008e800000, 0x000000008e800000| Untracked 
| 185|0x000000008e900000, 0x000000008e900000, 0x000000008ea00000|  0%| F|  |TAMS 0x000000008e900000, 0x000000008e900000| Untracked 
| 186|0x000000008ea00000, 0x000000008ea00000, 0x000000008eb00000|  0%| F|  |TAMS 0x000000008ea00000, 0x000000008ea00000| Untracked 
| 187|0x000000008eb00000, 0x000000008eb00000, 0x000000008ec00000|  0%| F|  |TAMS 0x000000008eb00000, 0x000000008eb00000| Untracked 
| 188|0x000000008ec00000, 0x000000008ec00000, 0x000000008ed00000|  0%| F|  |TAMS 0x000000008ec00000, 0x000000008ec00000| Untracked 
| 189|0x000000008ed00000, 0x000000008ed00000, 0x000000008ee00000|  0%| F|  |TAMS 0x000000008ed00000, 0x000000008ed00000| Untracked 
| 190|0x000000008ee00000, 0x000000008ee00000, 0x000000008ef00000|  0%| F|  |TAMS 0x000000008ee00000, 0x000000008ee00000| Untracked 
| 191|0x000000008ef00000, 0x000000008ef00000, 0x000000008f000000|  0%| F|  |TAMS 0x000000008ef00000, 0x000000008ef00000| Untracked 
| 192|0x000000008f000000, 0x000000008f000000, 0x000000008f100000|  0%| F|  |TAMS 0x000000008f000000, 0x000000008f000000| Untracked 
| 193|0x000000008f100000, 0x000000008f100000, 0x000000008f200000|  0%| F|  |TAMS 0x000000008f100000, 0x000000008f100000| Untracked 
| 194|0x000000008f200000, 0x000000008f200000, 0x000000008f300000|  0%| F|  |TAMS 0x000000008f200000, 0x000000008f200000| Untracked 
| 195|0x000000008f300000, 0x000000008f300000, 0x000000008f400000|  0%| F|  |TAMS 0x000000008f300000, 0x000000008f300000| Untracked 
| 196|0x000000008f400000, 0x000000008f400000, 0x000000008f500000|  0%| F|  |TAMS 0x000000008f400000, 0x000000008f400000| Untracked 
| 197|0x000000008f500000, 0x000000008f500000, 0x000000008f600000|  0%| F|  |TAMS 0x000000008f500000, 0x000000008f500000| Untracked 
| 198|0x000000008f600000, 0x000000008f600000, 0x000000008f700000|  0%| F|  |TAMS 0x000000008f600000, 0x000000008f600000| Untracked 
| 199|0x000000008f700000, 0x000000008f700000, 0x000000008f800000|  0%| F|  |TAMS 0x000000008f700000, 0x000000008f700000| Untracked 
| 200|0x000000008f800000, 0x000000008f800000, 0x000000008f900000|  0%| F|  |TAMS 0x000000008f800000, 0x000000008f800000| Untracked 
| 201|0x000000008f900000, 0x000000008f900000, 0x000000008fa00000|  0%| F|  |TAMS 0x000000008f900000, 0x000000008f900000| Untracked 
| 202|0x000000008fa00000, 0x000000008fa00000, 0x000000008fb00000|  0%| F|  |TAMS 0x000000008fa00000, 0x000000008fa00000| Untracked 
| 203|0x000000008fb00000, 0x000000008fb00000, 0x000000008fc00000|  0%| F|  |TAMS 0x000000008fb00000, 0x000000008fb00000| Untracked 
| 204|0x000000008fc00000, 0x000000008fc00000, 0x000000008fd00000|  0%| F|  |TAMS 0x000000008fc00000, 0x000000008fc00000| Untracked 
| 205|0x000000008fd00000, 0x000000008fd00000, 0x000000008fe00000|  0%| F|  |TAMS 0x000000008fd00000, 0x000000008fd00000| Untracked 
| 206|0x000000008fe00000, 0x000000008fe00000, 0x000000008ff00000|  0%| F|  |TAMS 0x000000008fe00000, 0x000000008fe00000| Untracked 
| 207|0x000000008ff00000, 0x000000008ff00000, 0x0000000090000000|  0%| F|  |TAMS 0x000000008ff00000, 0x000000008ff00000| Untracked 
| 208|0x0000000090000000, 0x0000000090000000, 0x0000000090100000|  0%| F|  |TAMS 0x0000000090000000, 0x0000000090000000| Untracked 
| 209|0x0000000090100000, 0x0000000090100000, 0x0000000090200000|  0%| F|  |TAMS 0x0000000090100000, 0x0000000090100000| Untracked 
| 210|0x0000000090200000, 0x0000000090200000, 0x0000000090300000|  0%| F|  |TAMS 0x0000000090200000, 0x0000000090200000| Untracked 
| 211|0x0000000090300000, 0x0000000090300000, 0x0000000090400000|  0%| F|  |TAMS 0x0000000090300000, 0x0000000090300000| Untracked 
| 212|0x0000000090400000, 0x0000000090400000, 0x0000000090500000|  0%| F|  |TAMS 0x0000000090400000, 0x0000000090400000| Untracked 
| 213|0x0000000090500000, 0x0000000090500000, 0x0000000090600000|  0%| F|  |TAMS 0x0000000090500000, 0x0000000090500000| Untracked 
| 214|0x0000000090600000, 0x0000000090600000, 0x0000000090700000|  0%| F|  |TAMS 0x0000000090600000, 0x0000000090600000| Untracked 
| 215|0x0000000090700000, 0x0000000090700000, 0x0000000090800000|  0%| F|  |TAMS 0x0000000090700000, 0x0000000090700000| Untracked 
| 216|0x0000000090800000, 0x0000000090800000, 0x0000000090900000|  0%| F|  |TAMS 0x0000000090800000, 0x0000000090800000| Untracked 
| 217|0x0000000090900000, 0x0000000090900000, 0x0000000090a00000|  0%| F|  |TAMS 0x0000000090900000, 0x0000000090900000| Untracked 
| 218|0x0000000090a00000, 0x0000000090a00000, 0x0000000090b00000|  0%| F|  |TAMS 0x0000000090a00000, 0x0000000090a00000| Untracked 
| 219|0x0000000090b00000, 0x0000000090b00000, 0x0000000090c00000|  0%| F|  |TAMS 0x0000000090b00000, 0x0000000090b00000| Untracked 
| 220|0x0000000090c00000, 0x0000000090c00000, 0x0000000090d00000|  0%| F|  |TAMS 0x0000000090c00000, 0x0000000090c00000| Untracked 
| 221|0x0000000090d00000, 0x0000000090d00000, 0x0000000090e00000|  0%| F|  |TAMS 0x0000000090d00000, 0x0000000090d00000| Untracked 
| 222|0x0000000090e00000, 0x0000000090e00000, 0x0000000090f00000|  0%| F|  |TAMS 0x0000000090e00000, 0x0000000090e00000| Untracked 
| 223|0x0000000090f00000, 0x0000000090f00000, 0x0000000091000000|  0%| F|  |TAMS 0x0000000090f00000, 0x0000000090f00000| Untracked 
| 224|0x0000000091000000, 0x0000000091000000, 0x0000000091100000|  0%| F|  |TAMS 0x0000000091000000, 0x0000000091000000| Untracked 
| 225|0x0000000091100000, 0x0000000091100000, 0x0000000091200000|  0%| F|  |TAMS 0x0000000091100000, 0x0000000091100000| Untracked 
| 226|0x0000000091200000, 0x0000000091200000, 0x0000000091300000|  0%| F|  |TAMS 0x0000000091200000, 0x0000000091200000| Untracked 
| 227|0x0000000091300000, 0x0000000091300000, 0x0000000091400000|  0%| F|  |TAMS 0x0000000091300000, 0x0000000091300000| Untracked 
| 228|0x0000000091400000, 0x0000000091400000, 0x0000000091500000|  0%| F|  |TAMS 0x0000000091400000, 0x0000000091400000| Untracked 
| 229|0x0000000091500000, 0x0000000091500000, 0x0000000091600000|  0%| F|  |TAMS 0x0000000091500000, 0x0000000091500000| Untracked 
| 230|0x0000000091600000, 0x0000000091600000, 0x0000000091700000|  0%| F|  |TAMS 0x0000000091600000, 0x0000000091600000| Untracked 
| 231|0x0000000091700000, 0x0000000091700000, 0x0000000091800000|  0%| F|  |TAMS 0x0000000091700000, 0x0000000091700000| Untracked 
| 232|0x0000000091800000, 0x0000000091800000, 0x0000000091900000|  0%| F|  |TAMS 0x0000000091800000, 0x0000000091800000| Untracked 
| 233|0x0000000091900000, 0x0000000091900000, 0x0000000091a00000|  0%| F|  |TAMS 0x0000000091900000, 0x0000000091900000| Untracked 
| 234|0x0000000091a00000, 0x0000000091a00000, 0x0000000091b00000|  0%| F|  |TAMS 0x0000000091a00000, 0x0000000091a00000| Untracked 
| 235|0x0000000091b00000, 0x0000000091b0c6f0, 0x0000000091c00000|  4%| S|CS|TAMS 0x0000000091b00000, 0x0000000091b00000| Complete 
| 236|0x0000000091c00000, 0x0000000091c00000, 0x0000000091d00000|  0%| F|  |TAMS 0x0000000091c00000, 0x0000000091c00000| Untracked 
| 237|0x0000000091d00000, 0x0000000091d00000, 0x0000000091e00000|  0%| F|  |TAMS 0x0000000091d00000, 0x0000000091d00000| Untracked 
| 238|0x0000000091e00000, 0x0000000091e00000, 0x0000000091f00000|  0%| F|  |TAMS 0x0000000091e00000, 0x0000000091e00000| Untracked 
| 239|0x0000000091f00000, 0x0000000091f00000, 0x0000000092000000|  0%| F|  |TAMS 0x0000000091f00000, 0x0000000091f00000| Untracked 
| 240|0x0000000092000000, 0x0000000092000000, 0x0000000092100000|  0%| F|  |TAMS 0x0000000092000000, 0x0000000092000000| Untracked 
| 241|0x0000000092100000, 0x0000000092100000, 0x0000000092200000|  0%| F|  |TAMS 0x0000000092100000, 0x0000000092100000| Untracked 
| 242|0x0000000092200000, 0x0000000092200000, 0x0000000092300000|  0%| F|  |TAMS 0x0000000092200000, 0x0000000092200000| Untracked 
| 243|0x0000000092300000, 0x0000000092300000, 0x0000000092400000|  0%| F|  |TAMS 0x0000000092300000, 0x0000000092300000| Untracked 
| 244|0x0000000092400000, 0x0000000092400000, 0x0000000092500000|  0%| F|  |TAMS 0x0000000092400000, 0x0000000092400000| Untracked 
| 245|0x0000000092500000, 0x0000000092500000, 0x0000000092600000|  0%| F|  |TAMS 0x0000000092500000, 0x0000000092500000| Untracked 
| 246|0x0000000092600000, 0x0000000092600000, 0x0000000092700000|  0%| F|  |TAMS 0x0000000092600000, 0x0000000092600000| Untracked 

Card table byte_map: [0x0000022572960000,0x0000022572d50000] _byte_map_base: 0x0000022572548000

Marking Bits (Prev, Next): (CMBitMap*) 0x000002256e87eec0, (CMBitMap*) 0x000002256e87ee80
 Prev Bits: [0x0000022575080000, 0x0000022576fc0000)
 Next Bits: [0x0000022573140000, 0x0000022575080000)

Polling page: 0x000002256e000000

Metaspace:

Usage:
  Non-class:     90.02 MB capacity,    89.02 MB ( 99%) used,   826.88 KB ( <1%) free+waste,   193.69 KB ( <1%) overhead. 
      Class:     13.68 MB capacity,    13.16 MB ( 96%) used,   446.24 KB (  3%) free+waste,    79.12 KB ( <1%) overhead. 
       Both:    103.70 MB capacity,   102.19 MB ( 99%) used,     1.24 MB (  1%) free+waste,   272.81 KB ( <1%) overhead. 

Virtual space:
  Non-class space:       92.00 MB reserved,      90.17 MB ( 98%) committed 
      Class space:        1.00 GB reserved,      13.75 MB (  1%) committed 
             Both:        1.09 GB reserved,     103.92 MB (  9%) committed 

Chunk freelists:
   Non-Class:  26.00 KB
       Class:  12.00 KB
        Both:  38.00 KB

MaxMetaspaceSize: 17179869184.00 GB
CompressedClassSpaceSize: 1.00 GB

CodeHeap 'non-profiled nmethods': size=238336Kb used=29635Kb max_used=29635Kb free=208700Kb
 bounds [0x0000022500740000, 0x0000022502440000, 0x000002250f000000]
CodeHeap 'non-nmethods': size=7424Kb used=1403Kb max_used=1403Kb free=6020Kb
 bounds [0x0000022500000000, 0x0000022500270000, 0x0000022500740000]
 total_blobs=18391 nmethods=17678 adapters=639
 compilation: enabled
              stopped_count=0, restarted_count=0
 full_count=0

Compilation events (20 events):
Event: 5890.706 Thread 0x000002257a2c59e0 18301   !   1       sun.rmi.transport.Transport::serviceCall (349 bytes)
Event: 5891.217 Thread 0x000002257a2c59e0 nmethod 18301 0x0000022502426710 code [0x0000022502426ce0, 0x0000022502428b28]
Event: 5950.695 Thread 0x000002257a2c59e0 18309       1       sun.rmi.server.UnicastServerRef::unmarshalCustomCallData (31 bytes)
Event: 5950.702 Thread 0x000002257a2c59e0 nmethod 18309 0x000002250242ae10 code [0x000002250242afe0, 0x000002250242b288]
Event: 5950.702 Thread 0x000002257a2c59e0 18310       1       sun.rmi.transport.ConnectionInputStream::registerRefs (71 bytes)
Event: 5950.716 Thread 0x000002257a2c59e0 nmethod 18310 0x000002250242b410 code [0x000002250242b620, 0x000002250242b938]
Event: 5950.716 Thread 0x000002257a2c59e0 18311   !   1       sun.rmi.transport.ConnectionInputStream::done (145 bytes)
Event: 5950.737 Thread 0x000002257a2c59e0 nmethod 18311 0x000002250242bb10 code [0x000002250242bde0, 0x000002250242d028]
Event: 6010.700 Thread 0x000002257a2c59e0 18312       1       java.net.InetSocketAddress::getAddress (8 bytes)
Event: 6010.700 Thread 0x000002257a2c59e0 nmethod 18312 0x000002250242db10 code [0x000002250242dca0, 0x000002250242dd58]
Event: 6265.740 Thread 0x000002257a2c59e0 18313  s!   1       java.net.Socket::close (47 bytes)
Event: 6265.740 Thread 0x000002257a2c59e0 nmethod 18313 0x000002250242de10 code [0x000002250242dfc0, 0x000002250242e2f8]
Event: 6360.856 Thread 0x000002257a2c59e0 18314       1       java.util.Collections::reverse (125 bytes)
Event: 6360.862 Thread 0x000002257a2c59e0 nmethod 18314 0x000002250242e490 code [0x000002250242e6c0, 0x000002250242ea48]
Event: 6490.769 Thread 0x000002257a2c59e0 18315       1       java.net.ServerSocket::isBound (5 bytes)
Event: 6490.769 Thread 0x000002257a2c59e0 nmethod 18315 0x000002250242ec90 code [0x000002250242ee20, 0x000002250242eed8]
Event: 6747.010 Thread 0x000002257a2c59e0 18316       1       java.util.concurrent.SynchronousQueue$TransferStack::awaitFulfill (169 bytes)
Event: 6747.383 Thread 0x000002257a2c59e0 nmethod 18316 0x000002250242ef90 code [0x000002250242f220, 0x000002250242ff98]
Event: 6793.452 Thread 0x000002257a2c59e0 18317  s    1       com.zaxxer.hikari.pool.HikariPool::fillPool (78 bytes)
Event: 6793.697 Thread 0x000002257a2c59e0 nmethod 18317 0x0000022502430590 code [0x0000022502430760, 0x0000022502430a28]

GC Heap History (20 events):
Event: 6175.390 GC heap after
{Heap after GC invocations=162 (full 0):
 garbage-first heap   total 252928K, used 109784K [0x0000000083000000, 0x0000000100000000)
  region size 1024K, 1 young (1024K), 1 survivors (1024K)
 Metaspace       used 104639K, capacity 106186K, committed 106416K, reserved 1142784K
  class space    used 13478K, capacity 14004K, committed 14080K, reserved 1048576K
}
Event: 6315.685 GC heap before
{Heap before GC invocations=162 (full 0):
 garbage-first heap   total 252928K, used 225496K [0x0000000083000000, 0x0000000100000000)
  region size 1024K, 114 young (116736K), 1 survivors (1024K)
 Metaspace       used 104639K, capacity 106186K, committed 106416K, reserved 1142784K
  class space    used 13478K, capacity 14004K, committed 14080K, reserved 1048576K
}
Event: 6315.691 GC heap after
{Heap after GC invocations=163 (full 0):
 garbage-first heap   total 252928K, used 109802K [0x0000000083000000, 0x0000000100000000)
  region size 1024K, 1 young (1024K), 1 survivors (1024K)
 Metaspace       used 104639K, capacity 106186K, committed 106416K, reserved 1142784K
  class space    used 13478K, capacity 14004K, committed 14080K, reserved 1048576K
}
Event: 6452.947 GC heap before
{Heap before GC invocations=163 (full 0):
 garbage-first heap   total 252928K, used 225514K [0x0000000083000000, 0x0000000100000000)
  region size 1024K, 114 young (116736K), 1 survivors (1024K)
 Metaspace       used 104639K, capacity 106186K, committed 106416K, reserved 1142784K
  class space    used 13478K, capacity 14004K, committed 14080K, reserved 1048576K
}
Event: 6452.951 GC heap after
{Heap after GC invocations=164 (full 0):
 garbage-first heap   total 252928K, used 109747K [0x0000000083000000, 0x0000000100000000)
  region size 1024K, 1 young (1024K), 1 survivors (1024K)
 Metaspace       used 104639K, capacity 106186K, committed 106416K, reserved 1142784K
  class space    used 13478K, capacity 14004K, committed 14080K, reserved 1048576K
}
Event: 6584.252 GC heap before
{Heap before GC invocations=164 (full 0):
 garbage-first heap   total 252928K, used 225459K [0x0000000083000000, 0x0000000100000000)
  region size 1024K, 114 young (116736K), 1 survivors (1024K)
 Metaspace       used 104639K, capacity 106186K, committed 106416K, reserved 1142784K
  class space    used 13478K, capacity 14004K, committed 14080K, reserved 1048576K
}
Event: 6584.353 GC heap after
{Heap after GC invocations=165 (full 0):
 garbage-first heap   total 252928K, used 109779K [0x0000000083000000, 0x0000000100000000)
  region size 1024K, 1 young (1024K), 1 survivors (1024K)
 Metaspace       used 104639K, capacity 106186K, committed 106416K, reserved 1142784K
  class space    used 13478K, capacity 14004K, committed 14080K, reserved 1048576K
}
Event: 6724.122 GC heap before
{Heap before GC invocations=165 (full 0):
 garbage-first heap   total 252928K, used 225491K [0x0000000083000000, 0x0000000100000000)
  region size 1024K, 114 young (116736K), 1 survivors (1024K)
 Metaspace       used 104639K, capacity 106186K, committed 106416K, reserved 1142784K
  class space    used 13478K, capacity 14004K, committed 14080K, reserved 1048576K
}
Event: 6724.302 GC heap after
{Heap after GC invocations=166 (full 0):
 garbage-first heap   total 252928K, used 109770K [0x0000000083000000, 0x0000000100000000)
  region size 1024K, 1 young (1024K), 1 survivors (1024K)
 Metaspace       used 104639K, capacity 106186K, committed 106416K, reserved 1142784K
  class space    used 13478K, capacity 14004K, committed 14080K, reserved 1048576K
}
Event: 6893.026 GC heap before
{Heap before GC invocations=166 (full 0):
 garbage-first heap   total 252928K, used 225482K [0x0000000083000000, 0x0000000100000000)
  region size 1024K, 114 young (116736K), 1 survivors (1024K)
 Metaspace       used 104639K, capacity 106186K, committed 106416K, reserved 1142784K
  class space    used 13478K, capacity 14004K, committed 14080K, reserved 1048576K
}
Event: 6919.432 GC heap after
{Heap after GC invocations=167 (full 0):
 garbage-first heap   total 252928K, used 109731K [0x0000000083000000, 0x0000000100000000)
  region size 1024K, 1 young (1024K), 1 survivors (1024K)
 Metaspace       used 104639K, capacity 106186K, committed 106416K, reserved 1142784K
  class space    used 13478K, capacity 14004K, committed 14080K, reserved 1048576K
}
Event: 6984.248 GC heap before
{Heap before GC invocations=167 (full 0):
 garbage-first heap   total 252928K, used 120995K [0x0000000083000000, 0x0000000100000000)
  region size 1024K, 12 young (12288K), 1 survivors (1024K)
 Metaspace       used 104639K, capacity 106186K, committed 106416K, reserved 1142784K
  class space    used 13478K, capacity 14004K, committed 14080K, reserved 1048576K
}
Event: 7027.223 GC heap after
{Heap after GC invocations=168 (full 0):
 garbage-first heap   total 252928K, used 109826K [0x0000000083000000, 0x0000000100000000)
  region size 1024K, 1 young (1024K), 1 survivors (1024K)
 Metaspace       used 104639K, capacity 106186K, committed 106416K, reserved 1142784K
  class space    used 13478K, capacity 14004K, committed 14080K, reserved 1048576K
}
Event: 7084.006 GC heap before
{Heap before GC invocations=168 (full 0):
 garbage-first heap   total 252928K, used 121090K [0x0000000083000000, 0x0000000100000000)
  region size 1024K, 12 young (12288K), 1 survivors (1024K)
 Metaspace       used 104640K, capacity 106186K, committed 106416K, reserved 1142784K
  class space    used 13478K, capacity 14004K, committed 14080K, reserved 1048576K
}
Event: 7087.733 GC heap after
{Heap after GC invocations=169 (full 0):
 garbage-first heap   total 252928K, used 109663K [0x0000000083000000, 0x0000000100000000)
  region size 1024K, 1 young (1024K), 1 survivors (1024K)
 Metaspace       used 104640K, capacity 106186K, committed 106416K, reserved 1142784K
  class space    used 13478K, capacity 14004K, committed 14080K, reserved 1048576K
}
Event: 7100.806 GC heap before
{Heap before GC invocations=169 (full 0):
 garbage-first heap   total 252928K, used 120927K [0x0000000083000000, 0x0000000100000000)
  region size 1024K, 12 young (12288K), 1 survivors (1024K)
 Metaspace       used 104640K, capacity 106186K, committed 106416K, reserved 1142784K
  class space    used 13478K, capacity 14004K, committed 14080K, reserved 1048576K
}
Event: 7101.906 GC heap after
{Heap after GC invocations=170 (full 0):
 garbage-first heap   total 252928K, used 109704K [0x0000000083000000, 0x0000000100000000)
  region size 1024K, 1 young (1024K), 1 survivors (1024K)
 Metaspace       used 104640K, capacity 106186K, committed 106416K, reserved 1142784K
  class space    used 13478K, capacity 14004K, committed 14080K, reserved 1048576K
}
Event: 7117.151 GC heap before
{Heap before GC invocations=170 (full 0):
 garbage-first heap   total 252928K, used 120968K [0x0000000083000000, 0x0000000100000000)
  region size 1024K, 12 young (12288K), 1 survivors (1024K)
 Metaspace       used 104640K, capacity 106186K, committed 106416K, reserved 1142784K
  class space    used 13478K, capacity 14004K, committed 14080K, reserved 1048576K
}
Event: 7120.742 GC heap after
{Heap after GC invocations=171 (full 0):
 garbage-first heap   total 252928K, used 109844K [0x0000000083000000, 0x0000000100000000)
  region size 1024K, 1 young (1024K), 1 survivors (1024K)
 Metaspace       used 104640K, capacity 106186K, committed 106416K, reserved 1142784K
  class space    used 13478K, capacity 14004K, committed 14080K, reserved 1048576K
}
Event: 7174.869 GC heap before
{Heap before GC invocations=171 (full 0):
 garbage-first heap   total 252928K, used 121108K [0x0000000083000000, 0x0000000100000000)
  region size 1024K, 12 young (12288K), 1 survivors (1024K)
 Metaspace       used 104640K, capacity 106186K, committed 106416K, reserved 1142784K
  class space    used 13478K, capacity 14004K, committed 14080K, reserved 1048576K
}

Deoptimization events (18 events):
Event: 34.247 Thread 0x000002257b705830 DEOPT PACKING pc=0x0000022500a1433c sp=0x00000051798fccf0
Event: 34.247 Thread 0x000002257b705830 DEOPT UNPACKING pc=0x000002250004e23f sp=0x00000051798fc248 mode 0
Event: 41.141 Thread 0x000002257b705830 DEOPT PACKING pc=0x00000225011fa5dc sp=0x00000051798f5ec0
Event: 41.141 Thread 0x000002257b705830 DEOPT UNPACKING pc=0x000002250004e23f sp=0x00000051798f5360 mode 0
Event: 46.535 Thread 0x000002257b705830 DEOPT PACKING pc=0x0000022500a2d6d2 sp=0x00000051798f7600
Event: 46.535 Thread 0x000002257b705830 DEOPT UNPACKING pc=0x000002250004e23f sp=0x00000051798f6b08 mode 3
Event: 46.535 Thread 0x000002257b705830 DEOPT PACKING pc=0x0000022500a29b25 sp=0x00000051798f75c0
Event: 46.535 Thread 0x000002257b705830 DEOPT UNPACKING pc=0x000002250004e23f sp=0x00000051798f6b08 mode 3
Event: 53.173 Thread 0x000002257b705830 DEOPT PACKING pc=0x000002250188e47c sp=0x00000051798fbbd0
Event: 53.173 Thread 0x000002257b705830 DEOPT UNPACKING pc=0x000002250004e23f sp=0x00000051798fb128 mode 0
Event: 53.173 Thread 0x000002257b705830 DEOPT PACKING pc=0x000002250188e47c sp=0x00000051798fd390
Event: 53.173 Thread 0x000002257b705830 DEOPT UNPACKING pc=0x000002250004e23f sp=0x00000051798fc8e8 mode 0
Event: 53.710 Thread 0x000002257b705830 DEOPT PACKING pc=0x0000022500cf2fa4 sp=0x00000051798fe0a0
Event: 53.710 Thread 0x000002257b705830 DEOPT UNPACKING pc=0x000002250004e23f sp=0x00000051798fd720 mode 0
Event: 55.827 Thread 0x000002257b705830 DEOPT PACKING pc=0x00000225008b00cc sp=0x00000051798fbeb0
Event: 55.827 Thread 0x000002257b705830 DEOPT UNPACKING pc=0x000002250004e23f sp=0x00000051798fb3d8 mode 0
Event: 534.201 Thread 0x000002250f7ac070 DEOPT PACKING pc=0x0000022501c44398 sp=0x000000517b0fe110
Event: 534.205 Thread 0x000002250f7ac070 DEOPT UNPACKING pc=0x000002250004e23f sp=0x000000517b0fd6b0 mode 3

Classes unloaded (14 events):
Event: 49.060 Thread 0x0000022579a517b0 Unloading class 0x0000000100a8dc40 'jdk/internal/reflect/GeneratedSerializationConstructorAccessor38'
Event: 49.060 Thread 0x0000022579a517b0 Unloading class 0x0000000100a8e040 'jdk/internal/reflect/GeneratedSerializationConstructorAccessor37'
Event: 49.060 Thread 0x0000022579a517b0 Unloading class 0x0000000100a8ec40 'jdk/internal/reflect/GeneratedSerializationConstructorAccessor36'
Event: 49.060 Thread 0x0000022579a517b0 Unloading class 0x0000000100a88440 'jdk/internal/reflect/GeneratedSerializationConstructorAccessor35'
Event: 50.471 Thread 0x0000022579a517b0 Unloading class 0x0000000100a8a040 'jdk/internal/reflect/GeneratedSerializationConstructorAccessor39'
Event: 51.854 Thread 0x0000022579a517b0 Unloading class 0x0000000100b16c40 'jdk/internal/reflect/GeneratedSerializationConstructorAccessor41'
Event: 51.854 Thread 0x0000022579a517b0 Unloading class 0x0000000100b16840 'jdk/internal/reflect/GeneratedSerializationConstructorAccessor40'
Event: 57.958 Thread 0x0000022579a517b0 Unloading class 0x0000000100b13440 'jdk/internal/reflect/GeneratedSerializationConstructorAccessor48'
Event: 57.958 Thread 0x0000022579a517b0 Unloading class 0x0000000100b13040 'jdk/internal/reflect/GeneratedSerializationConstructorAccessor47'
Event: 57.958 Thread 0x0000022579a517b0 Unloading class 0x0000000100b13c40 'jdk/internal/reflect/GeneratedSerializationConstructorAccessor46'
Event: 57.958 Thread 0x0000022579a517b0 Unloading class 0x0000000100b16c40 'jdk/internal/reflect/GeneratedSerializationConstructorAccessor45'
Event: 57.958 Thread 0x0000022579a517b0 Unloading class 0x0000000100b14840 'jdk/internal/reflect/GeneratedSerializationConstructorAccessor44'
Event: 57.958 Thread 0x0000022579a517b0 Unloading class 0x0000000100b15040 'jdk/internal/reflect/GeneratedSerializationConstructorAccessor43'
Event: 57.958 Thread 0x0000022579a517b0 Unloading class 0x0000000100b15840 'jdk/internal/reflect/GeneratedSerializationConstructorAccessor42'

Classes redefined (0 events):
No events

Internal exceptions (20 events):
Event: 59.740 Thread 0x000002257b705830 Exception <a 'java/lang/ClassNotFoundException'{0x00000000907e7e00}: > (0x00000000907e7e00) 
thrown [./open/src/hotspot/share/prims/jni.cpp, line 599]
Event: 59.792 Thread 0x000002257b705830 Exception <a 'java/lang/ClassNotFoundException'{0x00000000903c29d8}: > (0x00000000903c29d8) 
thrown [./open/src/hotspot/share/prims/jni.cpp, line 599]
Event: 59.793 Thread 0x000002257b705830 Exception <a 'java/lang/ClassNotFoundException'{0x00000000903f4b48}: > (0x00000000903f4b48) 
thrown [./open/src/hotspot/share/prims/jni.cpp, line 599]
Event: 59.921 Thread 0x000002257b705830 Exception <a 'java/lang/ClassNotFoundException'{0x000000008fb7cc10}: > (0x000000008fb7cc10) 
thrown [./open/src/hotspot/share/prims/jni.cpp, line 599]
Event: 59.922 Thread 0x000002257b705830 Exception <a 'java/lang/ClassNotFoundException'{0x000000008fbaefc8}: > (0x000000008fbaefc8) 
thrown [./open/src/hotspot/share/prims/jni.cpp, line 599]
Event: 59.946 Thread 0x000002257b705830 Exception <a 'java/lang/ClassNotFoundException'{0x000000008faafc28}: > (0x000000008faafc28) 
thrown [./open/src/hotspot/share/prims/jni.cpp, line 599]
Event: 59.946 Thread 0x000002257b705830 Exception <a 'java/lang/ClassNotFoundException'{0x000000008fae1dd8}: > (0x000000008fae1dd8) 
thrown [./open/src/hotspot/share/prims/jni.cpp, line 599]
Event: 60.015 Thread 0x000002257b705830 Exception <a 'java/lang/ClassNotFoundException'{0x000000008f6728c8}: > (0x000000008f6728c8) 
thrown [./open/src/hotspot/share/prims/jni.cpp, line 599]
Event: 60.016 Thread 0x000002257b705830 Exception <a 'java/lang/ClassNotFoundException'{0x000000008f6a4c48}: > (0x000000008f6a4c48) 
thrown [./open/src/hotspot/share/prims/jni.cpp, line 599]
Event: 60.169 Thread 0x000002257b705830 Exception <a 'java/lang/ClassNotFoundException'{0x000000008ea5b1e0}: > (0x000000008ea5b1e0) 
thrown [./open/src/hotspot/share/prims/jni.cpp, line 599]
Event: 60.170 Thread 0x000002257b705830 Exception <a 'java/lang/ClassNotFoundException'{0x000000008ea8d560}: > (0x000000008ea8d560) 
thrown [./open/src/hotspot/share/prims/jni.cpp, line 599]
Event: 72.831 Thread 0x000002250f7aff00 Exception <a 'java/lang/NoSuchMethodError'{0x0000000091460a98}: 'void java.lang.invoke.DirectMethodHandle$Holder.invokeStaticInit(java.lang.Object, java.lang.Object, java.lang.Object)'> (0x0000000091460a98) 
thrown [./open/src/hotspot/share/interpreter/linkResolver.cpp, line 782]
Event: 1811.543 Thread 0x0000022511086690 Exception <a 'java/io/IOException'{0x000000008f781fa0}> (0x000000008f781fa0) 
thrown [./open/src/hotspot/share/prims/jni.cpp, line 578]
Event: 1963.220 Thread 0x000002250f7ac070 Exception <a 'java/lang/NoSuchMethodError'{0x0000000091f6b860}: 'java.lang.Object java.lang.invoke.DirectMethodHandle$Holder.newInvokeSpecial(java.lang.Object, long)'> (0x0000000091f6b860) 
thrown [./open/src/hotspot/share/interpreter/linkResolver.cpp, line 782]
Event: 1963.220 Thread 0x000002250f7b1be0 Exception <a 'java/lang/NoSuchMethodError'{0x0000000091f6d478}: 'java.lang.Object java.lang.invoke.DirectMethodHandle$Holder.newInvokeSpecial(java.lang.Object, long)'> (0x0000000091f6d478) 
thrown [./open/src/hotspot/share/interpreter/linkResolver.cpp, line 782]
Event: 1985.373 Thread 0x000002250f7ad3b0 Exception <a 'java/lang/ClassNotFoundException'{0x000000008cefe048}: java/lang/ObjectCustomizer> (0x000000008cefe048) 
thrown [./open/src/hotspot/share/classfile/systemDictionary.cpp, line 295]
Event: 1985.382 Thread 0x000002250f7ad3b0 Exception <a 'java/lang/ClassNotFoundException'{0x000000008cd8d1a0}: com/realnet/entitybuilder/entity/frontendtableCustomizer> (0x000000008cd8d1a0) 
thrown [./open/src/hotspot/share/classfile/systemDictionary.cpp, line 295]
Event: 3580.488 Thread 0x000002257c546460 Exception <a 'java/io/IOException'{0x000000008edaf398}> (0x000000008edaf398) 
thrown [./open/src/hotspot/share/prims/jni.cpp, line 578]
Event: 5368.631 Thread 0x000002257a461050 Exception <a 'java/io/IOException'{0x000000008ed82a20}> (0x000000008ed82a20) 
thrown [./open/src/hotspot/share/prims/jni.cpp, line 578]
Event: 5399.027 Thread 0x000002257a4646d0 Exception <a 'sun/net/ConnectionResetException'{0x000000008c1018d0}: Connection reset> (0x000000008c1018d0) 
thrown [./open/src/hotspot/share/prims/jni.cpp, line 599]

Events (20 events):
Event: 6724.058 Executing VM operation: G1CollectForAllocation
Event: 6724.310 Executing VM operation: G1CollectForAllocation done
Event: 6888.343 Thread 0x000002250f7aca10 Thread exited: 0x000002250f7aca10
Event: 6892.528 Executing VM operation: G1CollectForAllocation
Event: 6919.698 Executing VM operation: G1CollectForAllocation done
Event: 6919.738 Executing VM operation: HandshakeAllThreads
Event: 6920.191 Executing VM operation: HandshakeAllThreads done
Event: 6973.947 Executing VM operation: G1CollectForAllocation
Event: 7028.276 Executing VM operation: G1CollectForAllocation done
Event: 7028.310 Executing VM operation: HandshakeAllThreads
Event: 7030.417 Executing VM operation: HandshakeAllThreads done
Event: 7035.662 Thread 0x000002257aed8660 Thread exited: 0x000002257aed8660
Event: 7083.953 Executing VM operation: G1CollectForAllocation
Event: 7087.733 Executing VM operation: G1CollectForAllocation done
Event: 7100.593 Executing VM operation: G1CollectForAllocation
Event: 7101.953 Executing VM operation: G1CollectForAllocation done
Event: 7115.017 Executing VM operation: G1CollectForAllocation
Event: 7120.743 Executing VM operation: G1CollectForAllocation done
Event: 7134.573 Executing VM operation: G1CollectForAllocation
Event: 7172.257 Thread 0x00000225798d3150 Thread added: 0x00000225798d3150


Dynamic libraries:
0x00007ff67fa40000 - 0x00007ff67fa4d000 	C:\Users\hp\Downloads\sts-4.10.0.RELEASE\plugins\org.eclipse.justj.openjdk.hotspot.jre.full.win32.x86_64_15.0.2.v20210201-0955\jre\bin\javaw.exe
0x00007ffd21630000 - 0x00007ffd21828000 	C:\Windows\SYSTEM32\ntdll.dll
0x00007ffd20cf0000 - 0x00007ffd20dad000 	C:\Windows\System32\KERNEL32.DLL
0x00007ffd1ef80000 - 0x00007ffd1f24e000 	C:\Windows\System32\KERNELBASE.dll
0x00007ffd1f250000 - 0x00007ffd1f350000 	C:\Windows\System32\ucrtbase.dll
0x00007ffd17600000 - 0x00007ffd17619000 	C:\Users\hp\Downloads\sts-4.10.0.RELEASE\plugins\org.eclipse.justj.openjdk.hotspot.jre.full.win32.x86_64_15.0.2.v20210201-0955\jre\bin\VCRUNTIME140.dll
0x00007ffcfb0e0000 - 0x00007ffcfb0f8000 	C:\Users\hp\Downloads\sts-4.10.0.RELEASE\plugins\org.eclipse.justj.openjdk.hotspot.jre.full.win32.x86_64_15.0.2.v20210201-0955\jre\bin\jli.dll
0x00007ffd207f0000 - 0x00007ffd20990000 	C:\Windows\System32\USER32.dll
0x00007ffd1f3f0000 - 0x00007ffd1f412000 	C:\Windows\System32\win32u.dll
0x00007ffcff210000 - 0x00007ffcff4aa000 	C:\Windows\WinSxS\amd64_microsoft.windows.common-controls_6595b64144ccf1df_6.0.19041.1110_none_60b5254171f9507e\COMCTL32.dll
0x00007ffd20080000 - 0x00007ffd200aa000 	C:\Windows\System32\GDI32.dll
0x00007ffd21270000 - 0x00007ffd2130e000 	C:\Windows\System32\msvcrt.dll
0x00007ffd1f420000 - 0x00007ffd1f52b000 	C:\Windows\System32\gdi32full.dll
0x00007ffd1f350000 - 0x00007ffd1f3ed000 	C:\Windows\System32\msvcp_win.dll
0x00007ffd20050000 - 0x00007ffd20080000 	C:\Windows\System32\IMM32.DLL
0x00007ffd175f0000 - 0x00007ffd175fc000 	C:\Users\hp\Downloads\sts-4.10.0.RELEASE\plugins\org.eclipse.justj.openjdk.hotspot.jre.full.win32.x86_64_15.0.2.v20210201-0955\jre\bin\vcruntime140_1.dll
0x00007ffd01db0000 - 0x00007ffd01e41000 	C:\Users\hp\Downloads\sts-4.10.0.RELEASE\plugins\org.eclipse.justj.openjdk.hotspot.jre.full.win32.x86_64_15.0.2.v20210201-0955\jre\bin\msvcp140.dll
0x00007ffc94a10000 - 0x00007ffc9556e000 	C:\Users\hp\Downloads\sts-4.10.0.RELEASE\plugins\org.eclipse.justj.openjdk.hotspot.jre.full.win32.x86_64_15.0.2.v20210201-0955\jre\bin\server\jvm.dll
0x00007ffd21540000 - 0x00007ffd215ee000 	C:\Windows\System32\ADVAPI32.dll
0x00007ffd20c50000 - 0x00007ffd20cec000 	C:\Windows\System32\sechost.dll
0x00007ffd213f0000 - 0x00007ffd21515000 	C:\Windows\System32\RPCRT4.dll
0x00007ffd200b0000 - 0x00007ffd200b8000 	C:\Windows\System32\PSAPI.DLL
0x00007ffcfe4f0000 - 0x00007ffcfe517000 	C:\Windows\SYSTEM32\WINMM.dll
0x00007ffd18d50000 - 0x00007ffd18d5a000 	C:\Windows\SYSTEM32\VERSION.dll
0x00007ffcfeea0000 - 0x00007ffcfeea9000 	C:\Windows\SYSTEM32\WSOCK32.dll
0x00007ffd21370000 - 0x00007ffd213db000 	C:\Windows\System32\WS2_32.dll
0x00007ffd1d550000 - 0x00007ffd1d562000 	C:\Windows\SYSTEM32\kernel.appcore.dll
0x00007ffd19760000 - 0x00007ffd1976a000 	C:\Users\hp\Downloads\sts-4.10.0.RELEASE\plugins\org.eclipse.justj.openjdk.hotspot.jre.full.win32.x86_64_15.0.2.v20210201-0955\jre\bin\jimage.dll
0x00007ffd1cac0000 - 0x00007ffd1cca4000 	C:\Windows\SYSTEM32\DBGHELP.DLL
0x00007ffd02ee0000 - 0x00007ffd02f0c000 	C:\Windows\SYSTEM32\dbgcore.DLL
0x00007ffd1eec0000 - 0x00007ffd1ef42000 	C:\Windows\System32\bcryptPrimitives.dll
0x00007ffcf86a0000 - 0x00007ffcf86c5000 	C:\Users\hp\Downloads\sts-4.10.0.RELEASE\plugins\org.eclipse.justj.openjdk.hotspot.jre.full.win32.x86_64_15.0.2.v20210201-0955\jre\bin\java.dll
0x00007ffcf8680000 - 0x00007ffcf8698000 	C:\Users\hp\Downloads\sts-4.10.0.RELEASE\plugins\org.eclipse.justj.openjdk.hotspot.jre.full.win32.x86_64_15.0.2.v20210201-0955\jre\bin\zip.dll
0x00007ffd1f770000 - 0x00007ffd1feb3000 	C:\Windows\System32\SHELL32.dll
0x00007ffd1cda0000 - 0x00007ffd1d535000 	C:\Windows\SYSTEM32\windows.storage.dll
0x00007ffd20f10000 - 0x00007ffd21264000 	C:\Windows\System32\combase.dll
0x00007ffd1e750000 - 0x00007ffd1e780000 	C:\Windows\SYSTEM32\Wldp.dll
0x00007ffd20b40000 - 0x00007ffd20bed000 	C:\Windows\System32\SHCORE.dll
0x00007ffd201e0000 - 0x00007ffd20235000 	C:\Windows\System32\shlwapi.dll
0x00007ffd1ec90000 - 0x00007ffd1ecaf000 	C:\Windows\SYSTEM32\profapi.dll
0x00007ffcf8660000 - 0x00007ffcf8679000 	C:\Users\hp\Downloads\sts-4.10.0.RELEASE\plugins\org.eclipse.justj.openjdk.hotspot.jre.full.win32.x86_64_15.0.2.v20210201-0955\jre\bin\net.dll
0x00007ffd16de0000 - 0x00007ffd16eea000 	C:\Windows\SYSTEM32\WINHTTP.dll
0x00007ffd1e4b0000 - 0x00007ffd1e51a000 	C:\Windows\system32\mswsock.dll
0x00007ffcd7b20000 - 0x00007ffcd7b32000 	C:\Users\hp\Downloads\sts-4.10.0.RELEASE\plugins\org.eclipse.justj.openjdk.hotspot.jre.full.win32.x86_64_15.0.2.v20210201-0955\jre\bin\nio.dll
0x00007ffcdbaa0000 - 0x00007ffcdbaa9000 	C:\Users\hp\Downloads\sts-4.10.0.RELEASE\plugins\org.eclipse.justj.openjdk.hotspot.jre.full.win32.x86_64_15.0.2.v20210201-0955\jre\bin\management.dll
0x00007ffcd79d0000 - 0x00007ffcd79db000 	C:\Users\hp\Downloads\sts-4.10.0.RELEASE\plugins\org.eclipse.justj.openjdk.hotspot.jre.full.win32.x86_64_15.0.2.v20210201-0955\jre\bin\management_ext.dll
0x00007ffcfedd0000 - 0x00007ffcfede7000 	C:\Windows\system32\napinsp.dll
0x00007ffcfedb0000 - 0x00007ffcfedcb000 	C:\Windows\system32\pnrpnsp.dll
0x00007ffd19410000 - 0x00007ffd19425000 	C:\Windows\system32\wshbth.dll
0x00007ffd18010000 - 0x00007ffd1802d000 	C:\Windows\system32\NLAapi.dll
0x00007ffd1e170000 - 0x00007ffd1e1ab000 	C:\Windows\SYSTEM32\IPHLPAPI.DLL
0x00007ffd1e1b0000 - 0x00007ffd1e27a000 	C:\Windows\SYSTEM32\DNSAPI.dll
0x00007ffd213e0000 - 0x00007ffd213e8000 	C:\Windows\System32\NSI.dll
0x00007ffcfed90000 - 0x00007ffcfeda2000 	C:\Windows\System32\winrnr.dll
0x00007ffd01720000 - 0x00007ffd0172a000 	C:\Windows\System32\rasadhlp.dll
0x00007ffd06860000 - 0x00007ffd068e0000 	C:\Windows\System32\fwpuclnt.dll
0x00007ffd1ef50000 - 0x00007ffd1ef77000 	C:\Windows\System32\bcrypt.dll
0x00007ffd1e690000 - 0x00007ffd1e6a8000 	C:\Windows\SYSTEM32\CRYPTSP.dll
0x00007ffd1dde0000 - 0x00007ffd1de14000 	C:\Windows\system32\rsaenh.dll
0x00007ffd1ec10000 - 0x00007ffd1ec3e000 	C:\Windows\SYSTEM32\USERENV.dll
0x00007ffd1e650000 - 0x00007ffd1e65c000 	C:\Windows\SYSTEM32\CRYPTBASE.dll
0x00007ffd17450000 - 0x00007ffd17467000 	C:\Windows\SYSTEM32\dhcpcsvc6.DLL
0x00007ffd17bf0000 - 0x00007ffd17c0d000 	C:\Windows\SYSTEM32\dhcpcsvc.DLL
0x00007ffd15e50000 - 0x00007ffd15e60000 	C:\Users\hp\Downloads\sts-4.10.0.RELEASE\plugins\org.eclipse.justj.openjdk.hotspot.jre.full.win32.x86_64_15.0.2.v20210201-0955\jre\bin\verify.dll
0x00007ffcfb0d0000 - 0x00007ffcfb0dd000 	C:\Users\hp\Downloads\sts-4.10.0.RELEASE\plugins\org.eclipse.justj.openjdk.hotspot.jre.full.win32.x86_64_15.0.2.v20210201-0955\jre\bin\sunmscapi.dll
0x00007ffd1f530000 - 0x00007ffd1f686000 	C:\Windows\System32\CRYPT32.dll
0x00007ffd1e820000 - 0x00007ffd1e847000 	C:\Windows\SYSTEM32\ncrypt.dll
0x00007ffd1e7e0000 - 0x00007ffd1e81b000 	C:\Windows\SYSTEM32\NTASN1.dll

dbghelp: loaded successfully - version: 4.0.5 - missing functions: none
symbol engine: initialized successfully - sym options: 0x614 - pdb path: .;C:\Users\hp\Downloads\sts-4.10.0.RELEASE\plugins\org.eclipse.justj.openjdk.hotspot.jre.full.win32.x86_64_15.0.2.v20210201-0955\jre\bin;C:\Windows\SYSTEM32;C:\Windows\WinSxS\amd64_microsoft.windows.common-controls_6595b64144ccf1df_6.0.19041.1110_none_60b5254171f9507e;C:\Users\hp\Downloads\sts-4.10.0.RELEASE\plugins\org.eclipse.justj.openjdk.hotspot.jre.full.win32.x86_64_15.0.2.v20210201-0955\jre\bin\server

VM Arguments:
jvm_args: -Dcom.sun.management.jmxremote -Dcom.sun.management.jmxremote.port=52447 -Dcom.sun.management.jmxremote.authenticate=false -Dcom.sun.management.jmxremote.ssl=false -Djava.rmi.server.hostname=localhost -Dspring.jmx.enabled=true -Dspring.application.admin.enabled=true -XX:TieredStopAtLevel=1 -Dspring.boot.project.name=backend -Dfile.encoding=UTF-8 -XX:+ShowCodeDetailsInExceptionMessages 
java_command: com.realnet.RealNetApp --spring.output.ansi.enabled=always
java_class_path (initial): G:\foldername\backend\target\classes;C:\Users\hp\.m2\repository\org\springframework\boot\spring-boot-starter-mail\2.2.5.RELEASE\spring-boot-starter-mail-2.2.5.RELEASE.jar;C:\Users\hp\.m2\repository\org\springframework\boot\spring-boot-starter\2.2.5.RELEASE\spring-boot-starter-2.2.5.RELEASE.jar;C:\Users\hp\.m2\repository\org\springframework\boot\spring-boot-starter-logging\2.2.5.RELEASE\spring-boot-starter-logging-2.2.5.RELEASE.jar;C:\Users\hp\.m2\repository\ch\qos\logback\logback-classic\1.2.3\logback-classic-1.2.3.jar;C:\Users\hp\.m2\repository\ch\qos\logback\logback-core\1.2.3\logback-core-1.2.3.jar;C:\Users\hp\.m2\repository\org\apache\logging\log4j\log4j-to-slf4j\2.12.1\log4j-to-slf4j-2.12.1.jar;C:\Users\hp\.m2\repository\org\apache\logging\log4j\log4j-api\2.12.1\log4j-api-2.12.1.jar;C:\Users\hp\.m2\repository\org\slf4j\jul-to-slf4j\1.7.30\jul-to-slf4j-1.7.30.jar;C:\Users\hp\.m2\repository\org\yaml\snakeyaml\1.25\snakeyaml-1.25.jar;C:\Users\hp\.m2\repository\org\springframework\spring-context-support\5.2.4.RELEASE\spring-context-support-5.2.4.RELEASE.jar;C:\Users\hp\.m2\repository\org\springframework\spring-context\5.2.4.RELEASE\spring-context-5.2.4.RELEASE.jar;C:\Users\hp\.m2\repository\com\sun\mail\jakarta.mail\1.6.4\jakarta.mail-1.6.4.jar;C:\Users\hp\.m2\repository\com\sun\activation\jakarta.activation\1.2.2\jakarta.activation-1.2.2.jar;C:\Users\hp\.m2\repository\org\springframework\boot\spring-boot-starter-web\2.2.5.RELEASE\spring-boot-starter-web-2.2.5.RELEASE.jar;C:\Users\hp\.m2\repository\org\springframework\boot\spring-boot-starter-json\2.2.5.RELEASE\spring-boot-starter-json-2.2.5.RELEASE.jar;C:\Users\hp\.m2\repository\com\fasterxml\jackson\datatype\jackson-datatype-jdk8\2.10.2\jackson-datatype-jdk8-2.10.2.jar;C:\Users\hp\.m2\repository\com\fasterxml\jackson\module\jackson-module-parameter-names\2.10.2\jackson-module-parameter-names-2.10.2.jar;C:\Users\hp\.m2\repository\org\springframework\spring-web\5.2.4.RELEASE\spring-web-
Launcher Type: SUN_STANDARD

[Global flags]
     intx CICompilerCount                          = 4                                         {product} {ergonomic}
     uint ConcGCThreads                            = 2                                         {product} {ergonomic}
     uint G1ConcRefinementThreads                  = 8                                         {product} {ergonomic}
   size_t G1HeapRegionSize                         = 1048576                                   {product} {ergonomic}
    uintx GCDrainStackTargetSize                   = 64                                        {product} {ergonomic}
   size_t InitialHeapSize                          = 132120576                                 {product} {ergonomic}
     bool ManagementServer                         = true                                      {product} {command line}
   size_t MarkStackSize                            = 4194304                                   {product} {ergonomic}
   size_t MaxHeapSize                              = 2097152000                                {product} {ergonomic}
   size_t MaxNewSize                               = 1258291200                                {product} {ergonomic}
   size_t MinHeapDeltaBytes                        = 1048576                                   {product} {ergonomic}
   size_t MinHeapSize                              = 8388608                                   {product} {ergonomic}
    uintx NonNMethodCodeHeapSize                   = 7549744                                {pd product} {ergonomic}
    uintx NonProfiledCodeHeapSize                  = 244108496                              {pd product} {ergonomic}
    uintx ProfiledCodeHeapSize                     = 0                                      {pd product} {ergonomic}
    uintx ReservedCodeCacheSize                    = 251658240                              {pd product} {ergonomic}
     bool SegmentedCodeCache                       = true                                      {product} {ergonomic}
     bool ShowCodeDetailsInExceptionMessages       = true                                   {manageable} {command line}
   size_t SoftMaxHeapSize                          = 2097152000                             {manageable} {ergonomic}
     intx TieredStopAtLevel                        = 1                                         {product} {command line}
     bool UseCompressedClassPointers               = true                                 {lp64_product} {ergonomic}
     bool UseCompressedOops                        = true                                 {lp64_product} {ergonomic}
     bool UseG1GC                                  = true                                      {product} {ergonomic}
     bool UseLargePagesIndividualAllocation        = false                                  {pd product} {ergonomic}

Logging:
Log output configuration:
 #0: stdout all=warning uptime,level,tags
 #1: stderr all=off uptime,level,tags

Environment Variables:
JAVA_HOME=F:\Java
PATH=C:/Users/hp/Downloads/sts-4.10.0.RELEASE//plugins/org.eclipse.justj.openjdk.hotspot.jre.full.win32.x86_64_15.0.2.v20210201-0955/jre/bin/server;C:/Users/hp/Downloads/sts-4.10.0.RELEASE//plugins/org.eclipse.justj.openjdk.hotspot.jre.full.win32.x86_64_15.0.2.v20210201-0955/jre/bin;C:\Program Files\Common Files\Oracle\Java\javapath;C:\Windows\system32;C:\Windows;C:\Windows\System32\Wbem;C:\Windows\System32\WindowsPowerShell\v1.0\;C:\Windows\System32\OpenSSH\;C:\Program Files\Microsoft SQL Server\Client SDK\ODBC\170\Tools\Binn\;C:\Program Files (x86)\Microsoft SQL Server\150\Tools\Binn\;C:\Program Files\Microsoft SQL Server\150\Tools\Binn\;C:\Program Files\Microsoft SQL Server\150\DTS\Binn\;C:\Program Files\Git\cmd;C:\Program Files\Git\mingw64\bin;C:\Program Files\Git\usr\bin;C:\Program Files\dotnet\;C:\ProgramData\chocolatey\bin;C:\Users\hp\AppData\Roaming\nvm;C:\Program Files\nodejs;C:\Program Files\nodejs\;C:\Program Files\MySQL\MySQL Shell 8.0\bin\;C:\Python39\Scripts\;C:\Python39\;C:\Users\hp\AppData\Local\Programs\Python\Python39\Scripts\;C:\Users\hp\AppData\Local\Programs\Python\Python39\;C:\Users\hp\AppData\Local\Microsoft\WindowsApps;C:\Users\hp\.dotnet\tools;C:\Users\hp\AppData\Roaming\nvm;C:\Program Files\nodejs;C:\Users\hp\AppData\Local\Programs\Microsoft VS Code\bin;C:\Users\hp\AppData\Local\GitHubDesktop\bin;F:\Java\bin;F:\Java\bin;C:\Program Files\MongoDB\Server\4.4\bin;C:\Users\hp\AppData\Roaming\npm;C:\Users\hp\Downloads\sts-4.10.0.RELEASE;
USERNAME=hp
OS=Windows_NT
PROCESSOR_IDENTIFIER=Intel64 Family 6 Model 142 Stepping 12, GenuineIntel



---------------  S Y S T E M  ---------------

OS:
 Windows 10 , 64 bit Build 19041 (10.0.19041.1889)
OS uptime: 0 days 3:07 hours
HyperV virtualization detected

CPU: total 8 (initial active 8) (4 cores per cpu, 2 threads per core) family 6 model 142 stepping 12 microcode 0xde, cmov, cx8, fxsr, mmx, sse, sse2, sse3, ssse3, sse4.1, sse4.2, popcnt, vzeroupper, avx, avx2, aes, clmul, erms, 3dnowpref, lzcnt, ht, tsc, tscinvbit, bmi1, bmi2, adx, fma, clflush, clflushopt

Memory: 4k page, system-wide physical 7995M (594M free)
TotalPageFile size 28028M (AvailPageFile size 1M)
current process WorkingSet (physical memory assigned to process): 35M, peak: 467M
current process commit charge ("private bytes"): 521M, peak: 768M

vm_info: OpenJDK 64-Bit Server VM (15.0.2+7-27) for windows-amd64 JRE (15.0.2+7-27), built on Dec  7 2020 20:02:38 by "mach5one" with unknown MS VC++:1925

END.
